[ 2014-12-17T00:00:05+08:00 ] 127.0.0.1 /hospital/index.php/Home/User/login
INFO: [ app_init ] --START--
INFO: Run Behavior\BuildLiteBehavior [ RunTime:0.000053s ]
INFO: [ app_init ] --END-- [ RunTime:0.000632s ]

[ 2014-12-17T00:00:07+08:00 ] 127.0.0.1 /hospital/index.php/Home/Hospital/hospitals
INFO: [ app_init ] --START--
INFO: Run Behavior\BuildLiteBehavior [ RunTime:0.000036s ]
INFO: [ app_init ] --END-- [ RunTime:0.000459s ]

[ 2014-12-17T00:00:10+08:00 ] 127.0.0.1 /hospital/index.php/Home/User/logout
INFO: [ app_init ] --START--
INFO: Run Behavior\BuildLiteBehavior [ RunTime:0.000035s ]
INFO: [ app_init ] --END-- [ RunTime:0.000440s ]

[ 2014-12-17T00:00:13+08:00 ] 127.0.0.1 /hospital/index.php/Home/Hospital/hospitals
INFO: [ app_init ] --START--
INFO: Run Behavior\BuildLiteBehavior [ RunTime:0.000041s ]
INFO: [ app_init ] --END-- [ RunTime:0.000717s ]

[ 2014-12-17T00:08:13+08:00 ] 127.0.0.1 /hospital/index.php/Home/Hospital/hospitals
INFO: [ app_init ] --START--
INFO: Run Behavior\BuildLiteBehavior [ RunTime:0.000055s ]
INFO: [ app_init ] --END-- [ RunTime:0.000770s ]

[ 2014-12-17T00:08:16+08:00 ] 127.0.0.1 /hospital/index.php/Home/Hospital
INFO: [ app_init ] --START--
INFO: Run Behavior\BuildLiteBehavior [ RunTime:0.000039s ]
INFO: [ app_init ] --END-- [ RunTime:0.000510s ]

[ 2014-12-17T00:08:25+08:00 ] 127.0.0.1 /hospital/index.php/Home/User/login
INFO: [ app_init ] --START--
INFO: Run Behavior\BuildLiteBehavior [ RunTime:0.000071s ]
INFO: [ app_init ] --END-- [ RunTime:0.001904s ]

[ 2014-12-17T00:08:27+08:00 ] 127.0.0.1 /hospital/index.php/Home/Hospital
INFO: [ app_init ] --START--
INFO: Run Behavior\BuildLiteBehavior [ RunTime:0.000034s ]
INFO: [ app_init ] --END-- [ RunTime:0.000466s ]

[ 2014-12-17T00:08:43+08:00 ] 127.0.0.1 /hospital/index.php/Home/Hospital/keshi
INFO: [ app_init ] --START--
INFO: Run Behavior\BuildLiteBehavior [ RunTime:0.000087s ]
INFO: [ app_init ] --END-- [ RunTime:0.001198s ]

[ 2014-12-17T00:08:55+08:00 ] 127.0.0.1 /hospital/index.php/Home/Hospital/hospitals
INFO: [ app_init ] --START--
INFO: Run Behavior\BuildLiteBehavior [ RunTime:0.000053s ]
INFO: [ app_init ] --END-- [ RunTime:0.000503s ]

[ 2014-12-17T00:10:37+08:00 ] 127.0.0.1 /hospital/index.php/Home/Hospital
INFO: [ app_init ] --START--
INFO: Run Behavior\BuildLiteBehavior [ RunTime:0.000037s ]
INFO: [ app_init ] --END-- [ RunTime:0.000563s ]

[ 2014-12-17T00:11:00+08:00 ] 127.0.0.1 /hospital/index.php/Home/Hospital
INFO: [ app_init ] --START--
INFO: Run Behavior\BuildLiteBehavior [ RunTime:0.000059s ]
INFO: [ app_init ] --END-- [ RunTime:0.000618s ]

[ 2014-12-17T00:16:00+08:00 ] 127.0.0.1 /hospital/index.php/Home/Hospital/gonggao
INFO: [ app_init ] --START--
INFO: Run Behavior\BuildLiteBehavior [ RunTime:0.000038s ]
INFO: [ app_init ] --END-- [ RunTime:0.000541s ]

[ 2014-12-17T00:16:06+08:00 ] 127.0.0.1 /hospital/index.php/Home/Hospital/gonggaoc
INFO: [ app_init ] --START--
INFO: Run Behavior\BuildLiteBehavior [ RunTime:0.000034s ]
INFO: [ app_init ] --END-- [ RunTime:0.000474s ]

[ 2014-12-17T00:16:11+08:00 ] 127.0.0.1 /hospital/index.php/Home/Hospital/keshi
INFO: [ app_init ] --START--
INFO: Run Behavior\BuildLiteBehavior [ RunTime:0.000039s ]
INFO: [ app_init ] --END-- [ RunTime:0.000494s ]

[ 2014-12-17T00:16:14+08:00 ] 127.0.0.1 /hospital/index.php/Home/Hospital/gonggao
INFO: [ app_init ] --START--
INFO: Run Behavior\BuildLiteBehavior [ RunTime:0.000036s ]
INFO: [ app_init ] --END-- [ RunTime:0.000499s ]

[ 2014-12-17T00:20:07+08:00 ] 127.0.0.1 /hospital/index.php/Home/Hospital/gonggao
INFO: [ app_init ] --START--
INFO: Run Behavior\BuildLiteBehavior [ RunTime:0.000069s ]
INFO: [ app_init ] --END-- [ RunTime:0.000885s ]

[ 2014-12-17T00:20:14+08:00 ] 127.0.0.1 /hospital/index.php/Home/Hospital/index
INFO: [ app_init ] --START--
INFO: Run Behavior\BuildLiteBehavior [ RunTime:0.000037s ]
INFO: [ app_init ] --END-- [ RunTime:0.000492s ]

[ 2014-12-17T00:20:18+08:00 ] 127.0.0.1 /hospital/index.php/Home/Hospital/index
INFO: [ app_init ] --START--
INFO: Run Behavior\BuildLiteBehavior [ RunTime:0.000038s ]
INFO: [ app_init ] --END-- [ RunTime:0.000514s ]

[ 2014-12-17T00:20:46+08:00 ] 127.0.0.1 /hospital/index.php/Home/Hospital/index
INFO: [ app_init ] --START--
INFO: Run Behavior\BuildLiteBehavior [ RunTime:0.000074s ]
INFO: [ app_init ] --END-- [ RunTime:0.000922s ]

[ 2014-12-17T00:25:51+08:00 ] 127.0.0.1 /hospital/index.php/Home/Hospital/index
INFO: [ app_init ] --START--
INFO: Run Behavior\BuildLiteBehavior [ RunTime:0.000038s ]
INFO: [ app_init ] --END-- [ RunTime:0.000516s ]

[ 2014-12-17T00:25:54+08:00 ] 127.0.0.1 /hospital/index.php/Home/Hospital
INFO: [ app_init ] --START--
INFO: Run Behavior\BuildLiteBehavior [ RunTime:0.000074s ]
INFO: [ app_init ] --END-- [ RunTime:0.000843s ]

[ 2014-12-17T00:26:00+08:00 ] 127.0.0.1 /hospital/index.php/Home/Hospital
INFO: [ app_init ] --START--
INFO: Run Behavior\BuildLiteBehavior [ RunTime:0.000045s ]
INFO: [ app_init ] --END-- [ RunTime:0.000446s ]

[ 2014-12-17T00:37:14+08:00 ] 127.0.0.1 /hospital/index.php/Home/Hospital
INFO: [ app_init ] --START--
INFO: Run Behavior\BuildLiteBehavior [ RunTime:0.000039s ]
INFO: [ app_init ] --END-- [ RunTime:0.000548s ]

[ 2014-12-17T00:37:21+08:00 ] 127.0.0.1 /hospital/index.php/Home/Hospital/gonggao
INFO: [ app_init ] --START--
INFO: Run Behavior\BuildLiteBehavior [ RunTime:0.000085s ]
INFO: [ app_init ] --END-- [ RunTime:0.001049s ]

[ 2014-12-17T00:37:27+08:00 ] 127.0.0.1 /hospital/index.php/Home/Hospital/personCenter
INFO: [ app_init ] --START--
INFO: Run Behavior\BuildLiteBehavior [ RunTime:0.000160s ]
INFO: [ app_init ] --END-- [ RunTime:0.001979s ]

[ 2014-12-17T00:37:43+08:00 ] 127.0.0.1 /hospital/index.php/Home/Hospital/personCenter
INFO: [ app_init ] --START--
INFO: Run Behavior\BuildLiteBehavior [ RunTime:0.000041s ]
INFO: [ app_init ] --END-- [ RunTime:0.000532s ]

[ 2014-12-17T00:37:48+08:00 ] 127.0.0.1 /hospital/index.php/Home/Hospital
INFO: [ app_init ] --START--
INFO: Run Behavior\BuildLiteBehavior [ RunTime:0.000037s ]
INFO: [ app_init ] --END-- [ RunTime:0.000500s ]

[ 2014-12-17T00:37:55+08:00 ] 127.0.0.1 /hospital/index.php/Home/Hospital
INFO: [ app_init ] --START--
INFO: Run Behavior\BuildLiteBehavior [ RunTime:0.000039s ]
INFO: [ app_init ] --END-- [ RunTime:0.000501s ]

[ 2014-12-17T00:38:02+08:00 ] 127.0.0.1 /hospital/index.php/Home/Hospital
INFO: [ app_init ] --START--
INFO: Run Behavior\BuildLiteBehavior [ RunTime:0.000051s ]
INFO: [ app_init ] --END-- [ RunTime:0.000649s ]

[ 2014-12-17T10:26:30+08:00 ] 127.0.0.1 /hospital/
INFO: [ app_init ] --START--
INFO: Run Behavior\BuildLiteBehavior [ RunTime:0.000043s ]
INFO: [ app_init ] --END-- [ RunTime:0.004617s ]

[ 2014-12-17T10:26:48+08:00 ] 127.0.0.1 /hospital/index.php/Home/User/login
INFO: [ app_init ] --START--
INFO: Run Behavior\BuildLiteBehavior [ RunTime:0.000053s ]
INFO: [ app_init ] --END-- [ RunTime:0.000622s ]

[ 2014-12-17T10:26:51+08:00 ] 127.0.0.1 /hospital/
INFO: [ app_init ] --START--
INFO: Run Behavior\BuildLiteBehavior [ RunTime:0.000040s ]
INFO: [ app_init ] --END-- [ RunTime:0.000511s ]

[ 2014-12-17T10:30:05+08:00 ] 127.0.0.1 /hospital/index.php/Home/User/logout
INFO: [ app_init ] --START--
INFO: Run Behavior\BuildLiteBehavior [ RunTime:0.000044s ]
INFO: [ app_init ] --END-- [ RunTime:0.000611s ]

[ 2014-12-17T10:30:08+08:00 ] 127.0.0.1 /hospital/
INFO: [ app_init ] --START--
INFO: Run Behavior\BuildLiteBehavior [ RunTime:0.000127s ]
INFO: [ app_init ] --END-- [ RunTime:0.001599s ]

[ 2014-12-17T10:30:10+08:00 ] 127.0.0.1 /hospital/index.php/Home/User/login
INFO: [ app_init ] --START--
INFO: Run Behavior\BuildLiteBehavior [ RunTime:0.000088s ]
INFO: [ app_init ] --END-- [ RunTime:0.001279s ]

[ 2014-12-17T10:30:12+08:00 ] 127.0.0.1 /hospital/index.php/Home/User/__SELF__.html
INFO: [ app_init ] --START--
INFO: Run Behavior\BuildLiteBehavior [ RunTime:0.000053s ]
INFO: [ app_init ] --END-- [ RunTime:0.000722s ]
ERR: 非法操作:__SELF__

[ 2014-12-17T10:31:11+08:00 ] 127.0.0.1 /hospital/index.php/Home/User/login
INFO: [ app_init ] --START--
INFO: Run Behavior\BuildLiteBehavior [ RunTime:0.000050s ]
INFO: [ app_init ] --END-- [ RunTime:0.000706s ]

[ 2014-12-17T10:31:13+08:00 ] 127.0.0.1 /hospital/index.php/Home/User/__SELF__.html
INFO: [ app_init ] --START--
INFO: Run Behavior\BuildLiteBehavior [ RunTime:0.000088s ]
INFO: [ app_init ] --END-- [ RunTime:0.001169s ]
ERR: 非法操作:__SELF__

[ 2014-12-17T10:31:37+08:00 ] 127.0.0.1 /hospital/index.php/Home/User/login
INFO: [ app_init ] --START--
INFO: Run Behavior\BuildLiteBehavior [ RunTime:0.000061s ]
INFO: [ app_init ] --END-- [ RunTime:0.000828s ]

[ 2014-12-17T10:32:27+08:00 ] 127.0.0.1 /hospital/index.php/Home/User/login
INFO: [ app_init ] --START--
INFO: Run Behavior\BuildLiteBehavior [ RunTime:0.000036s ]
INFO: [ app_init ] --END-- [ RunTime:0.000539s ]

[ 2014-12-17T10:33:36+08:00 ] 127.0.0.1 /hospital/index.php/Home/User/login
INFO: [ app_init ] --START--
INFO: Run Behavior\BuildLiteBehavior [ RunTime:0.000036s ]
INFO: [ app_init ] --END-- [ RunTime:0.000520s ]

[ 2014-12-17T10:44:14+08:00 ] 127.0.0.1 /hospital/index.php/Home/User/login
INFO: [ app_init ] --START--
INFO: Run Behavior\BuildLiteBehavior [ RunTime:0.000059s ]
INFO: [ app_init ] --END-- [ RunTime:0.000824s ]

[ 2014-12-17T10:44:15+08:00 ] 127.0.0.1 /hospital/index.php/Home/User/login.html
INFO: [ app_init ] --START--
INFO: Run Behavior\BuildLiteBehavior [ RunTime:0.000088s ]
INFO: [ app_init ] --END-- [ RunTime:0.001154s ]

[ 2014-12-17T10:44:26+08:00 ] 127.0.0.1 /hospital/index.php/Home/User/login
INFO: [ app_init ] --START--
INFO: Run Behavior\BuildLiteBehavior [ RunTime:0.000051s ]
INFO: [ app_init ] --END-- [ RunTime:0.000745s ]

[ 2014-12-17T10:44:27+08:00 ] 127.0.0.1 /hospital/index.php/Home/User/login.html
INFO: [ app_init ] --START--
INFO: Run Behavior\BuildLiteBehavior [ RunTime:0.000037s ]
INFO: [ app_init ] --END-- [ RunTime:0.000485s ]

[ 2014-12-17T10:44:46+08:00 ] 127.0.0.1 /hospital/index.php/Home/User/login
INFO: [ app_init ] --START--
INFO: Run Behavior\BuildLiteBehavior [ RunTime:0.000145s ]
INFO: [ app_init ] --END-- [ RunTime:0.001540s ]

[ 2014-12-17T10:44:47+08:00 ] 127.0.0.1 /hospital/index.php/Home/User/login.html
INFO: [ app_init ] --START--
INFO: Run Behavior\BuildLiteBehavior [ RunTime:0.000086s ]
INFO: [ app_init ] --END-- [ RunTime:0.001164s ]

[ 2014-12-17T10:44:58+08:00 ] 127.0.0.1 /hospital/index.php/Home/Hospital/gonggao
INFO: [ app_init ] --START--
INFO: Run Behavior\BuildLiteBehavior [ RunTime:0.000054s ]
INFO: [ app_init ] --END-- [ RunTime:0.000724s ]

[ 2014-12-17T10:45:02+08:00 ] 127.0.0.1 /hospital/index.php/Home/Hospital/hospitals
INFO: [ app_init ] --START--
INFO: Run Behavior\BuildLiteBehavior [ RunTime:0.000091s ]
INFO: [ app_init ] --END-- [ RunTime:0.001356s ]

[ 2014-12-17T10:45:05+08:00 ] 127.0.0.1 /hospital/index.php/Home/Hospital
INFO: [ app_init ] --START--
INFO: Run Behavior\BuildLiteBehavior [ RunTime:0.000110s ]
INFO: [ app_init ] --END-- [ RunTime:0.001156s ]

[ 2014-12-17T10:45:08+08:00 ] 127.0.0.1 /hospital/index.php/Home/Hospital/personCenter
INFO: [ app_init ] --START--
INFO: Run Behavior\BuildLiteBehavior [ RunTime:0.000053s ]
INFO: [ app_init ] --END-- [ RunTime:0.000676s ]

[ 2014-12-17T10:45:10+08:00 ] 127.0.0.1 /hospital/index.php/Home/User/logout
INFO: [ app_init ] --START--
INFO: Run Behavior\BuildLiteBehavior [ RunTime:0.000117s ]
INFO: [ app_init ] --END-- [ RunTime:0.001318s ]

[ 2014-12-17T10:45:13+08:00 ] 127.0.0.1 /hospital/index.php/Home/Hospital/personCenter
INFO: [ app_init ] --START--
INFO: Run Behavior\BuildLiteBehavior [ RunTime:0.000086s ]
INFO: [ app_init ] --END-- [ RunTime:0.001185s ]

[ 2014-12-17T10:45:16+08:00 ] 127.0.0.1 /hospital/index.php/Home/User/login
INFO: [ app_init ] --START--
INFO: Run Behavior\BuildLiteBehavior [ RunTime:0.000089s ]
INFO: [ app_init ] --END-- [ RunTime:0.001179s ]

[ 2014-12-17T10:46:18+08:00 ] 127.0.0.1 /hospital/index.php/Home/Hospital
INFO: [ app_init ] --START--
INFO: Run Behavior\BuildLiteBehavior [ RunTime:0.000088s ]
INFO: [ app_init ] --END-- [ RunTime:0.001184s ]

[ 2014-12-17T10:46:24+08:00 ] 127.0.0.1 /hospital/index.php/Home/Hospital/hospitals
INFO: [ app_init ] --START--
INFO: Run Behavior\BuildLiteBehavior [ RunTime:0.000045s ]
INFO: [ app_init ] --END-- [ RunTime:0.000628s ]

[ 2014-12-17T10:46:26+08:00 ] 127.0.0.1 /hospital/index.php/Home/Hospital/keshi
INFO: [ app_init ] --START--
INFO: Run Behavior\BuildLiteBehavior [ RunTime:0.000088s ]
INFO: [ app_init ] --END-- [ RunTime:0.001180s ]

[ 2014-12-17T10:46:31+08:00 ] 127.0.0.1 /hospital/index.php/Home/Hospital/personCenter
INFO: [ app_init ] --START--
INFO: Run Behavior\BuildLiteBehavior [ RunTime:0.000091s ]
INFO: [ app_init ] --END-- [ RunTime:0.001464s ]

[ 2014-12-17T10:46:34+08:00 ] 127.0.0.1 /hospital/index.php/Home/Hospital
INFO: [ app_init ] --START--
INFO: Run Behavior\BuildLiteBehavior [ RunTime:0.000127s ]
INFO: [ app_init ] --END-- [ RunTime:0.001485s ]

[ 2014-12-17T10:46:42+08:00 ] 127.0.0.1 /hospital/index.php/Home/User/logout
INFO: [ app_init ] --START--
INFO: Run Behavior\BuildLiteBehavior [ RunTime:0.000057s ]
INFO: [ app_init ] --END-- [ RunTime:0.000818s ]

[ 2014-12-17T10:46:45+08:00 ] 127.0.0.1 /hospital/index.php/Home/Hospital
INFO: [ app_init ] --START--
INFO: Run Behavior\BuildLiteBehavior [ RunTime:0.000119s ]
INFO: [ app_init ] --END-- [ RunTime:0.001179s ]

[ 2014-12-17T10:48:51+08:00 ] 127.0.0.1 /hospital/index.php/Home/User/login
INFO: [ app_init ] --START--
INFO: Run Behavior\BuildLiteBehavior [ RunTime:0.000048s ]
INFO: [ app_init ] --END-- [ RunTime:0.000690s ]

[ 2014-12-17T10:49:02+08:00 ] 127.0.0.1 /hospital/index.php/Home/Hospital/keshi
INFO: [ app_init ] --START--
INFO: Run Behavior\BuildLiteBehavior [ RunTime:0.000055s ]
INFO: [ app_init ] --END-- [ RunTime:0.000733s ]

[ 2014-12-17T10:51:24+08:00 ] 127.0.0.1 /hospital/index.php/Home/User/logout
INFO: [ app_init ] --START--
INFO: Run Behavior\BuildLiteBehavior [ RunTime:0.000093s ]
INFO: [ app_init ] --END-- [ RunTime:0.001281s ]

[ 2014-12-17T10:51:26+08:00 ] 127.0.0.1 /hospital/index.php/Home/Hospital/keshi
INFO: [ app_init ] --START--
INFO: Run Behavior\BuildLiteBehavior [ RunTime:0.000087s ]
INFO: [ app_init ] --END-- [ RunTime:0.001150s ]

[ 2014-12-17T10:51:30+08:00 ] 127.0.0.1 /hospital/index.php/Home/User/login
INFO: [ app_init ] --START--
INFO: Run Behavior\BuildLiteBehavior [ RunTime:0.000044s ]
INFO: [ app_init ] --END-- [ RunTime:0.000590s ]

[ 2014-12-17T10:51:47+08:00 ] 127.0.0.1 /hospital/index.php/Home/Hospital/keshi.html
INFO: [ app_init ] --START--
INFO: Run Behavior\BuildLiteBehavior [ RunTime:0.000086s ]
INFO: [ app_init ] --END-- [ RunTime:0.001131s ]

[ 2014-12-17T10:52:38+08:00 ] 127.0.0.1 /hospital/index.php/Home/Hospital/gonggao
INFO: [ app_init ] --START--
INFO: Run Behavior\BuildLiteBehavior [ RunTime:0.000090s ]
INFO: [ app_init ] --END-- [ RunTime:0.001105s ]

[ 2014-12-17T10:54:25+08:00 ] 127.0.0.1 /hospital/index.php/Home/Hospital/hospitals
INFO: [ app_init ] --START--
INFO: Run Behavior\BuildLiteBehavior [ RunTime:0.000084s ]
INFO: [ app_init ] --END-- [ RunTime:0.000930s ]

[ 2014-12-17T10:54:30+08:00 ] 127.0.0.1 /hospital/index.php/Home/Hospital
INFO: [ app_init ] --START--
INFO: Run Behavior\BuildLiteBehavior [ RunTime:0.000088s ]
INFO: [ app_init ] --END-- [ RunTime:0.001256s ]

[ 2014-12-17T10:55:53+08:00 ] 127.0.0.1 /hospital/index.php/Home/User/logout
INFO: [ app_init ] --START--
INFO: Run Behavior\BuildLiteBehavior [ RunTime:0.000039s ]
INFO: [ app_init ] --END-- [ RunTime:0.000535s ]

[ 2014-12-17T10:56:00+08:00 ] 127.0.0.1 /hospital/index.php/Home/Hospital
INFO: [ app_init ] --START--
INFO: Run Behavior\BuildLiteBehavior [ RunTime:0.000088s ]
INFO: [ app_init ] --END-- [ RunTime:0.001314s ]

[ 2014-12-17T10:56:11+08:00 ] 127.0.0.1 /hospital/index.php/Home/Hospital/index
INFO: [ app_init ] --START--
INFO: Run Behavior\BuildLiteBehavior [ RunTime:0.000090s ]
INFO: [ app_init ] --END-- [ RunTime:0.001225s ]

[ 2014-12-17T10:58:00+08:00 ] 127.0.0.1 /hospital/index.php/Home/User/logout
INFO: [ app_init ] --START--
INFO: Run Behavior\BuildLiteBehavior [ RunTime:0.000039s ]
INFO: [ app_init ] --END-- [ RunTime:0.000690s ]

[ 2014-12-17T10:58:02+08:00 ] 127.0.0.1 /hospital/index.php/Home/Hospital/index
INFO: [ app_init ] --START--
INFO: Run Behavior\BuildLiteBehavior [ RunTime:0.000050s ]
INFO: [ app_init ] --END-- [ RunTime:0.000656s ]

[ 2014-12-17T10:58:07+08:00 ] 127.0.0.1 /hospital/index.php/Home/Hospital/keshi
INFO: [ app_init ] --START--
INFO: Run Behavior\BuildLiteBehavior [ RunTime:0.000067s ]
INFO: [ app_init ] --END-- [ RunTime:0.000739s ]

[ 2014-12-17T10:58:09+08:00 ] 127.0.0.1 /hospital/index.php/Home/User/login
INFO: [ app_init ] --START--
INFO: Run Behavior\BuildLiteBehavior [ RunTime:0.000041s ]
INFO: [ app_init ] --END-- [ RunTime:0.000547s ]

[ 2014-12-17T10:58:11+08:00 ] 127.0.0.1 /hospital/index.php/Home/Hospital/keshi
INFO: [ app_init ] --START--
INFO: Run Behavior\BuildLiteBehavior [ RunTime:0.000085s ]
INFO: [ app_init ] --END-- [ RunTime:0.001134s ]

[ 2014-12-17T10:58:16+08:00 ] 127.0.0.1 /hospital/index.php/Home/Hospital/hospitals
INFO: [ app_init ] --START--
INFO: Run Behavior\BuildLiteBehavior [ RunTime:0.000091s ]
INFO: [ app_init ] --END-- [ RunTime:0.001077s ]

[ 2014-12-17T11:01:01+08:00 ] 127.0.0.1 /hospital/index.php/Home/User/logout
INFO: [ app_init ] --START--
INFO: Run Behavior\BuildLiteBehavior [ RunTime:0.000050s ]
INFO: [ app_init ] --END-- [ RunTime:0.001102s ]

[ 2014-12-17T11:01:43+08:00 ] 127.0.0.1 /hospital/index.php/Home/User/logout
INFO: [ app_init ] --START--
INFO: Run Behavior\BuildLiteBehavior [ RunTime:0.000067s ]
INFO: [ app_init ] --END-- [ RunTime:0.000812s ]

[ 2014-12-17T11:01:51+08:00 ] 127.0.0.1 /hospital/index.php/Home/Hospital
INFO: [ app_init ] --START--
INFO: Run Behavior\BuildLiteBehavior [ RunTime:0.000137s ]
INFO: [ app_init ] --END-- [ RunTime:0.001470s ]

[ 2014-12-17T11:01:55+08:00 ] 127.0.0.1 /hospital/index.php/Home/User/login
INFO: [ app_init ] --START--
INFO: Run Behavior\BuildLiteBehavior [ RunTime:0.000084s ]
INFO: [ app_init ] --END-- [ RunTime:0.001158s ]

[ 2014-12-17T11:01:57+08:00 ] 127.0.0.1 /hospital/index.php/Home/Hospital/index
INFO: [ app_init ] --START--
INFO: Run Behavior\BuildLiteBehavior [ RunTime:0.000085s ]
INFO: [ app_init ] --END-- [ RunTime:0.001140s ]

[ 2014-12-17T11:01:58+08:00 ] 127.0.0.1 /hospital/index.php/Home/User/logout
INFO: [ app_init ] --START--
INFO: Run Behavior\BuildLiteBehavior [ RunTime:0.000050s ]
INFO: [ app_init ] --END-- [ RunTime:0.000760s ]

[ 2014-12-17T11:02:00+08:00 ] 127.0.0.1 /hospital/index.php/Home/Hospital/index
INFO: [ app_init ] --START--
INFO: Run Behavior\BuildLiteBehavior [ RunTime:0.000095s ]
INFO: [ app_init ] --END-- [ RunTime:0.000860s ]

[ 2014-12-17T11:02:03+08:00 ] 127.0.0.1 /hospital/index.php/Home/Hospital/keshi
INFO: [ app_init ] --START--
INFO: Run Behavior\BuildLiteBehavior [ RunTime:0.000058s ]
INFO: [ app_init ] --END-- [ RunTime:0.000676s ]

[ 2014-12-17T11:02:05+08:00 ] 127.0.0.1 /hospital/index.php/Home/User/login
INFO: [ app_init ] --START--
INFO: Run Behavior\BuildLiteBehavior [ RunTime:0.000086s ]
INFO: [ app_init ] --END-- [ RunTime:0.001182s ]

[ 2014-12-17T11:02:07+08:00 ] 127.0.0.1 /hospital/index.php/Home/Hospital/keshi
INFO: [ app_init ] --START--
INFO: Run Behavior\BuildLiteBehavior [ RunTime:0.000089s ]
INFO: [ app_init ] --END-- [ RunTime:0.001246s ]

[ 2014-12-17T11:02:10+08:00 ] 127.0.0.1 /hospital/index.php/Home/Hospital/keshi
INFO: [ app_init ] --START--
INFO: Run Behavior\BuildLiteBehavior [ RunTime:0.000057s ]
INFO: [ app_init ] --END-- [ RunTime:0.000756s ]

[ 2014-12-17T11:02:12+08:00 ] 127.0.0.1 /hospital/index.php/Home/User/logout
INFO: [ app_init ] --START--
INFO: Run Behavior\BuildLiteBehavior [ RunTime:0.000094s ]
INFO: [ app_init ] --END-- [ RunTime:0.001621s ]

[ 2014-12-17T11:02:14+08:00 ] 127.0.0.1 /hospital/index.php/Home/Hospital/keshi
INFO: [ app_init ] --START--
INFO: Run Behavior\BuildLiteBehavior [ RunTime:0.000086s ]
INFO: [ app_init ] --END-- [ RunTime:0.001154s ]

[ 2014-12-17T11:05:40+08:00 ] 127.0.0.1 /hospital/index.php/Home/Hospital/personCenter
INFO: [ app_init ] --START--
INFO: Run Behavior\BuildLiteBehavior [ RunTime:0.000088s ]
INFO: [ app_init ] --END-- [ RunTime:0.001377s ]

[ 2014-12-17T11:05:43+08:00 ] 127.0.0.1 /hospital/index.php/Home/Hospital/hospitals
INFO: [ app_init ] --START--
INFO: Run Behavior\BuildLiteBehavior [ RunTime:0.000116s ]
INFO: [ app_init ] --END-- [ RunTime:0.001437s ]

[ 2014-12-17T11:07:48+08:00 ] 127.0.0.1 /hospital/index.php/Home/User/login
INFO: [ app_init ] --START--
INFO: Run Behavior\BuildLiteBehavior [ RunTime:0.000060s ]
INFO: [ app_init ] --END-- [ RunTime:0.000739s ]

[ 2014-12-17T11:07:50+08:00 ] 127.0.0.1 /hospital/index.php/Home/Hospital/hospitals
INFO: [ app_init ] --START--
INFO: Run Behavior\BuildLiteBehavior [ RunTime:0.000084s ]
INFO: [ app_init ] --END-- [ RunTime:0.001098s ]

[ 2014-12-17T11:07:56+08:00 ] 127.0.0.1 /hospital/index.php/Home/User/login
INFO: [ app_init ] --START--
INFO: Run Behavior\BuildLiteBehavior [ RunTime:0.000083s ]
INFO: [ app_init ] --END-- [ RunTime:0.001160s ]

[ 2014-12-17T11:07:58+08:00 ] 127.0.0.1 /hospital/index.php/Home/Hospital/hospitals
INFO: [ app_init ] --START--
INFO: Run Behavior\BuildLiteBehavior [ RunTime:0.000086s ]
INFO: [ app_init ] --END-- [ RunTime:0.001133s ]

[ 2014-12-17T11:09:51+08:00 ] 127.0.0.1 /hospital/index.php/Home/Hospital/hospitals
INFO: [ app_init ] --START--
INFO: Run Behavior\BuildLiteBehavior [ RunTime:0.000037s ]
INFO: [ app_init ] --END-- [ RunTime:0.000555s ]

[ 2014-12-17T11:10:01+08:00 ] 127.0.0.1 /hospital/index.php/Home/Hospital/hospitals
INFO: [ app_init ] --START--
INFO: Run Behavior\BuildLiteBehavior [ RunTime:0.000112s ]
INFO: [ app_init ] --END-- [ RunTime:0.001295s ]

[ 2014-12-17T11:10:23+08:00 ] 127.0.0.1 /hospital/index.php/Home/Hospital/hospitals
INFO: [ app_init ] --START--
INFO: Run Behavior\BuildLiteBehavior [ RunTime:0.000051s ]
INFO: [ app_init ] --END-- [ RunTime:0.000661s ]

[ 2014-12-17T11:10:25+08:00 ] 127.0.0.1 /hospital/index.php/Home/Hospital/hospitals
INFO: [ app_init ] --START--
INFO: Run Behavior\BuildLiteBehavior [ RunTime:0.000084s ]
INFO: [ app_init ] --END-- [ RunTime:0.001265s ]

[ 2014-12-17T11:10:32+08:00 ] 127.0.0.1 /hospital/index.php/Home/Hospital/keshi
INFO: [ app_init ] --START--
INFO: Run Behavior\BuildLiteBehavior [ RunTime:0.000036s ]
INFO: [ app_init ] --END-- [ RunTime:0.000485s ]

[ 2014-12-17T11:13:31+08:00 ] 127.0.0.1 /hospital/index.php/Home/User/logout
INFO: [ app_init ] --START--
INFO: Run Behavior\BuildLiteBehavior [ RunTime:0.000042s ]
INFO: [ app_init ] --END-- [ RunTime:0.001071s ]

[ 2014-12-17T11:13:33+08:00 ] 127.0.0.1 /hospital/index.php/Home/Hospital/keshi
INFO: [ app_init ] --START--
INFO: Run Behavior\BuildLiteBehavior [ RunTime:0.000145s ]
INFO: [ app_init ] --END-- [ RunTime:0.001058s ]

[ 2014-12-17T11:13:35+08:00 ] 127.0.0.1 /hospital/index.php/Home/User/login
INFO: [ app_init ] --START--
INFO: Run Behavior\BuildLiteBehavior [ RunTime:0.000082s ]
INFO: [ app_init ] --END-- [ RunTime:0.001218s ]

[ 2014-12-17T11:13:37+08:00 ] 127.0.0.1 /hospital/index.php/Home/Hospital/keshi
INFO: [ app_init ] --START--
INFO: Run Behavior\BuildLiteBehavior [ RunTime:0.000085s ]
INFO: [ app_init ] --END-- [ RunTime:0.001135s ]

[ 2014-12-17T11:21:00+08:00 ] 127.0.0.1 /hospital/index.php/Home/Hospital/personCenter
INFO: [ app_init ] --START--
INFO: Run Behavior\BuildLiteBehavior [ RunTime:0.000043s ]
INFO: [ app_init ] --END-- [ RunTime:0.000630s ]

[ 2014-12-17T11:21:02+08:00 ] 127.0.0.1 /hospital/index.php/Home/Hospital/gonggao
INFO: [ app_init ] --START--
INFO: Run Behavior\BuildLiteBehavior [ RunTime:0.000096s ]
INFO: [ app_init ] --END-- [ RunTime:0.001139s ]

[ 2014-12-17T11:21:05+08:00 ] 127.0.0.1 /hospital/index.php/Home/Hospital/gonggaoc
INFO: [ app_init ] --START--
INFO: Run Behavior\BuildLiteBehavior [ RunTime:0.000085s ]
INFO: [ app_init ] --END-- [ RunTime:0.001293s ]

[ 2014-12-17T11:21:22+08:00 ] 127.0.0.1 /hospital/index.php/Home/Hospital/gonggao
INFO: [ app_init ] --START--
INFO: Run Behavior\BuildLiteBehavior [ RunTime:0.000077s ]
INFO: [ app_init ] --END-- [ RunTime:0.000849s ]

[ 2014-12-17T11:21:24+08:00 ] 127.0.0.1 /hospital/index.php/Home/Hospital/gonggao
INFO: [ app_init ] --START--
INFO: Run Behavior\BuildLiteBehavior [ RunTime:0.000040s ]
INFO: [ app_init ] --END-- [ RunTime:0.000529s ]

[ 2014-12-17T11:21:30+08:00 ] 127.0.0.1 /hospital/index.php/Home/Hospital
INFO: [ app_init ] --START--
INFO: Run Behavior\BuildLiteBehavior [ RunTime:0.000046s ]
INFO: [ app_init ] --END-- [ RunTime:0.000590s ]

[ 2014-12-17T11:32:20+08:00 ] 127.0.0.1 /hospital/index.php/Home/Hospital
INFO: [ app_init ] --START--
INFO: Run Behavior\BuildLiteBehavior [ RunTime:0.000034s ]
INFO: [ app_init ] --END-- [ RunTime:0.000497s ]

[ 2014-12-17T11:32:22+08:00 ] 127.0.0.1 /hospital/index.php/Home/User/logout
INFO: [ app_init ] --START--
INFO: Run Behavior\BuildLiteBehavior [ RunTime:0.000038s ]
INFO: [ app_init ] --END-- [ RunTime:0.000493s ]

[ 2014-12-17T11:32:24+08:00 ] 127.0.0.1 /hospital/index.php/Home/Hospital/index
INFO: [ app_init ] --START--
INFO: Run Behavior\BuildLiteBehavior [ RunTime:0.000057s ]
INFO: [ app_init ] --END-- [ RunTime:0.000782s ]

[ 2014-12-17T11:32:27+08:00 ] 127.0.0.1 /hospital/index.php/Home/Hospital/register
INFO: [ app_init ] --START--
INFO: Run Behavior\BuildLiteBehavior [ RunTime:0.000085s ]
INFO: [ app_init ] --END-- [ RunTime:0.001204s ]

[ 2014-12-17T11:32:28+08:00 ] 127.0.0.1 /hospital/index.php/Home/Hospital/%E6%B3%A8%E5%86%8C_files/base.min.css
INFO: [ app_init ] --START--
INFO: Run Behavior\BuildLiteBehavior [ RunTime:0.000065s ]
INFO: [ app_init ] --END-- [ RunTime:0.000845s ]
ERR: 非法操作:注册_files

[ 2014-12-17T11:32:29+08:00 ] 127.0.0.1 /hospital/index.php/Home/Hospital/%E6%B3%A8%E5%86%8C_files/login.min.css
INFO: [ app_init ] --START--
INFO: Run Behavior\BuildLiteBehavior [ RunTime:0.000080s ]
INFO: [ app_init ] --END-- [ RunTime:0.000860s ]
ERR: 非法操作:注册_files

[ 2014-12-17T11:32:30+08:00 ] 127.0.0.1 /hospital/index.php/Home/Hospital/%E6%B3%A8%E5%86%8C_files/reg.min.js
INFO: [ app_init ] --START--
INFO: Run Behavior\BuildLiteBehavior [ RunTime:0.000061s ]
INFO: [ app_init ] --END-- [ RunTime:0.000772s ]
ERR: 非法操作:注册_files

[ 2014-12-17T11:32:31+08:00 ] 127.0.0.1 /hospital/index.php/Home/Hospital/%E6%B3%A8%E5%86%8C_files/common.min.js
INFO: [ app_init ] --START--
INFO: Run Behavior\BuildLiteBehavior [ RunTime:0.000059s ]
INFO: [ app_init ] --END-- [ RunTime:0.000735s ]
ERR: 非法操作:注册_files

[ 2014-12-17T11:32:32+08:00 ] 127.0.0.1 /hospital/index.php/Home/Hospital/%E6%B3%A8%E5%86%8C_files/jquery.mailAutoComplete-3.1.js
INFO: [ app_init ] --START--
INFO: Run Behavior\BuildLiteBehavior [ RunTime:0.000044s ]
INFO: [ app_init ] --END-- [ RunTime:0.000644s ]
ERR: 非法操作:注册_files

[ 2014-12-17T11:32:33+08:00 ] 127.0.0.1 /hospital/index.php/Home/Hospital/%E6%B3%A8%E5%86%8C_files/index.php
INFO: [ app_init ] --START--
INFO: Run Behavior\BuildLiteBehavior [ RunTime:0.000054s ]
INFO: [ app_init ] --END-- [ RunTime:0.000806s ]
ERR: 非法操作:注册_files

[ 2014-12-17T11:33:32+08:00 ] 127.0.0.1 /hospital/index.php/Home/Hospital/register
INFO: [ app_init ] --START--
INFO: Run Behavior\BuildLiteBehavior [ RunTime:0.000038s ]
INFO: [ app_init ] --END-- [ RunTime:0.000555s ]

[ 2014-12-17T11:33:34+08:00 ] 127.0.0.1 /hospital/index.php/Home/Hospital/%E6%B3%A8%E5%86%8C_files/common.min.js
INFO: [ app_init ] --START--
INFO: Run Behavior\BuildLiteBehavior [ RunTime:0.000130s ]
INFO: [ app_init ] --END-- [ RunTime:0.001649s ]
ERR: 非法操作:注册_files

[ 2014-12-17T11:33:35+08:00 ] 127.0.0.1 /hospital/index.php/Home/Hospital/%E6%B3%A8%E5%86%8C_files/jquery.mailAutoComplete-3.1.js
INFO: [ app_init ] --START--
INFO: Run Behavior\BuildLiteBehavior [ RunTime:0.000066s ]
INFO: [ app_init ] --END-- [ RunTime:0.000773s ]
ERR: 非法操作:注册_files

[ 2014-12-17T11:33:36+08:00 ] 127.0.0.1 /hospital/index.php/Home/Hospital/%E6%B3%A8%E5%86%8C_files/login.min.css
INFO: [ app_init ] --START--
INFO: Run Behavior\BuildLiteBehavior [ RunTime:0.000064s ]
INFO: [ app_init ] --END-- [ RunTime:0.000769s ]
ERR: 非法操作:注册_files

[ 2014-12-17T11:33:37+08:00 ] 127.0.0.1 /hospital/index.php/Home/Hospital/%E6%B3%A8%E5%86%8C_files/base.min.css
INFO: [ app_init ] --START--
INFO: Run Behavior\BuildLiteBehavior [ RunTime:0.000059s ]
INFO: [ app_init ] --END-- [ RunTime:0.000720s ]
ERR: 非法操作:注册_files

[ 2014-12-17T11:33:38+08:00 ] 127.0.0.1 /hospital/index.php/Home/Hospital/%E6%B3%A8%E5%86%8C_files/reg.min.js
INFO: [ app_init ] --START--
INFO: Run Behavior\BuildLiteBehavior [ RunTime:0.000061s ]
INFO: [ app_init ] --END-- [ RunTime:0.000756s ]
ERR: 非法操作:注册_files

[ 2014-12-17T11:33:39+08:00 ] 127.0.0.1 /hospital/index.php/Home/Hospital/index
INFO: [ app_init ] --START--
INFO: Run Behavior\BuildLiteBehavior [ RunTime:0.000035s ]
INFO: [ app_init ] --END-- [ RunTime:0.000486s ]

[ 2014-12-17T11:33:41+08:00 ] 127.0.0.1 /hospital/index.php/Home/Hospital/register.html
INFO: [ app_init ] --START--
INFO: Run Behavior\BuildLiteBehavior [ RunTime:0.000084s ]
INFO: [ app_init ] --END-- [ RunTime:0.000984s ]

[ 2014-12-17T11:33:42+08:00 ] 127.0.0.1 /hospital/index.php/Home/Hospital/%E6%B3%A8%E5%86%8C_files/base.min.css
INFO: [ app_init ] --START--
INFO: Run Behavior\BuildLiteBehavior [ RunTime:0.000038s ]
INFO: [ app_init ] --END-- [ RunTime:0.000498s ]
ERR: 非法操作:注册_files

[ 2014-12-17T11:33:43+08:00 ] 127.0.0.1 /hospital/index.php/Home/Hospital/%E6%B3%A8%E5%86%8C_files/login.min.css
INFO: [ app_init ] --START--
INFO: Run Behavior\BuildLiteBehavior [ RunTime:0.000039s ]
INFO: [ app_init ] --END-- [ RunTime:0.000489s ]
ERR: 非法操作:注册_files

[ 2014-12-17T11:33:44+08:00 ] 127.0.0.1 /hospital/index.php/Home/Hospital/%E6%B3%A8%E5%86%8C_files/jquery.mailAutoComplete-3.1.js
INFO: [ app_init ] --START--
INFO: Run Behavior\BuildLiteBehavior [ RunTime:0.000065s ]
INFO: [ app_init ] --END-- [ RunTime:0.000770s ]
ERR: 非法操作:注册_files

[ 2014-12-17T11:33:45+08:00 ] 127.0.0.1 /hospital/index.php/Home/Hospital/%E6%B3%A8%E5%86%8C_files/common.min.js
INFO: [ app_init ] --START--
INFO: Run Behavior\BuildLiteBehavior [ RunTime:0.000051s ]
INFO: [ app_init ] --END-- [ RunTime:0.000852s ]
ERR: 非法操作:注册_files

[ 2014-12-17T11:33:46+08:00 ] 127.0.0.1 /hospital/index.php/Home/Hospital/%E6%B3%A8%E5%86%8C_files/reg.min.js
INFO: [ app_init ] --START--
INFO: Run Behavior\BuildLiteBehavior [ RunTime:0.000045s ]
INFO: [ app_init ] --END-- [ RunTime:0.000607s ]
ERR: 非法操作:注册_files

[ 2014-12-17T11:33:48+08:00 ] 127.0.0.1 /hospital/index.php/Home/Hospital/%E6%B3%A8%E5%86%8C_files/index.php
INFO: [ app_init ] --START--
INFO: Run Behavior\BuildLiteBehavior [ RunTime:0.000196s ]
INFO: [ app_init ] --END-- [ RunTime:0.001473s ]
ERR: 非法操作:注册_files

[ 2014-12-17T11:34:01+08:00 ] 127.0.0.1 /hospital/Home/Hospital/register.html
INFO: [ app_init ] --START--
INFO: Run Behavior\BuildLiteBehavior [ RunTime:0.000051s ]
INFO: [ app_init ] --END-- [ RunTime:0.000753s ]

[ 2014-12-17T11:34:02+08:00 ] 127.0.0.1 /hospital/Home/Hospital/%E6%B3%A8%E5%86%8C_files/common.min.js
INFO: [ app_init ] --START--
INFO: Run Behavior\BuildLiteBehavior [ RunTime:0.000070s ]
INFO: [ app_init ] --END-- [ RunTime:0.000771s ]
ERR: 非法操作:注册_files

[ 2014-12-17T11:34:03+08:00 ] 127.0.0.1 /hospital/Home/Hospital/%E6%B3%A8%E5%86%8C_files/login.min.css
INFO: [ app_init ] --START--
INFO: Run Behavior\BuildLiteBehavior [ RunTime:0.000067s ]
INFO: [ app_init ] --END-- [ RunTime:0.000793s ]
ERR: 非法操作:注册_files

[ 2014-12-17T11:34:04+08:00 ] 127.0.0.1 /hospital/Home/Hospital/%E6%B3%A8%E5%86%8C_files/reg.min.js
INFO: [ app_init ] --START--
INFO: Run Behavior\BuildLiteBehavior [ RunTime:0.000059s ]
INFO: [ app_init ] --END-- [ RunTime:0.000711s ]
ERR: 非法操作:注册_files

[ 2014-12-17T11:34:05+08:00 ] 127.0.0.1 /hospital/Home/Hospital/%E6%B3%A8%E5%86%8C_files/jquery.mailAutoComplete-3.1.js
INFO: [ app_init ] --START--
INFO: Run Behavior\BuildLiteBehavior [ RunTime:0.000067s ]
INFO: [ app_init ] --END-- [ RunTime:0.001488s ]
ERR: 非法操作:注册_files

[ 2014-12-17T11:34:06+08:00 ] 127.0.0.1 /hospital/Home/Hospital/%E6%B3%A8%E5%86%8C_files/base.min.css
INFO: [ app_init ] --START--
INFO: Run Behavior\BuildLiteBehavior [ RunTime:0.000039s ]
INFO: [ app_init ] --END-- [ RunTime:0.000541s ]
ERR: 非法操作:注册_files

[ 2014-12-17T11:34:07+08:00 ] 127.0.0.1 /hospital/Home/Hospital/%E6%B3%A8%E5%86%8C_files/index.php
INFO: [ app_init ] --START--
INFO: Run Behavior\BuildLiteBehavior [ RunTime:0.000127s ]
INFO: [ app_init ] --END-- [ RunTime:0.001448s ]
ERR: 非法操作:注册_files

[ 2014-12-17T11:35:03+08:00 ] 127.0.0.1 /hospital/index.php/Home/Hospital/%E6%B3%A8%E5%86%8C_files/index.php
INFO: [ app_init ] --START--
INFO: Run Behavior\BuildLiteBehavior [ RunTime:0.000048s ]
INFO: [ app_init ] --END-- [ RunTime:0.000679s ]
ERR: 非法操作:注册_files

[ 2014-12-17T11:35:10+08:00 ] 127.0.0.1 /hospital/index.php/Home/Hospital/register.html
INFO: [ app_init ] --START--
INFO: Run Behavior\BuildLiteBehavior [ RunTime:0.000053s ]
INFO: [ app_init ] --END-- [ RunTime:0.000742s ]

[ 2014-12-17T11:35:11+08:00 ] 127.0.0.1 /hospital/index.php/Home/Hospital/%E6%B3%A8%E5%86%8C_files/login.min.css
INFO: [ app_init ] --START--
INFO: Run Behavior\BuildLiteBehavior [ RunTime:0.000090s ]
INFO: [ app_init ] --END-- [ RunTime:0.001029s ]
ERR: 非法操作:注册_files

[ 2014-12-17T11:35:12+08:00 ] 127.0.0.1 /hospital/index.php/Home/Hospital/%E6%B3%A8%E5%86%8C_files/base.min.css
INFO: [ app_init ] --START--
INFO: Run Behavior\BuildLiteBehavior [ RunTime:0.000084s ]
INFO: [ app_init ] --END-- [ RunTime:0.000964s ]
ERR: 非法操作:注册_files

[ 2014-12-17T11:35:13+08:00 ] 127.0.0.1 /hospital/index.php/Home/Hospital/%E6%B3%A8%E5%86%8C_files/common.min.js
INFO: [ app_init ] --START--
INFO: Run Behavior\BuildLiteBehavior [ RunTime:0.000091s ]
INFO: [ app_init ] --END-- [ RunTime:0.001042s ]
ERR: 非法操作:注册_files

[ 2014-12-17T11:35:14+08:00 ] 127.0.0.1 /hospital/index.php/Home/Hospital/%E6%B3%A8%E5%86%8C_files/reg.min.js
INFO: [ app_init ] --START--
INFO: Run Behavior\BuildLiteBehavior [ RunTime:0.000102s ]
INFO: [ app_init ] --END-- [ RunTime:0.001163s ]
ERR: 非法操作:注册_files

[ 2014-12-17T11:35:15+08:00 ] 127.0.0.1 /hospital/index.php/Home/Hospital/%E6%B3%A8%E5%86%8C_files/jquery.mailAutoComplete-3.1.js
INFO: [ app_init ] --START--
INFO: Run Behavior\BuildLiteBehavior [ RunTime:0.000037s ]
INFO: [ app_init ] --END-- [ RunTime:0.000496s ]
ERR: 非法操作:注册_files

[ 2014-12-17T11:35:16+08:00 ] 127.0.0.1 /hospital/index.php/Home/Hospital/%E6%B3%A8%E5%86%8C_files/index.php
INFO: [ app_init ] --START--
INFO: Run Behavior\BuildLiteBehavior [ RunTime:0.000102s ]
INFO: [ app_init ] --END-- [ RunTime:0.001117s ]
ERR: 非法操作:注册_files

[ 2014-12-17T11:35:23+08:00 ] 127.0.0.1 /hospital/index.php/Home/Hospital/register.html
INFO: [ app_init ] --START--
INFO: Run Behavior\BuildLiteBehavior [ RunTime:0.000053s ]
INFO: [ app_init ] --END-- [ RunTime:0.000893s ]

[ 2014-12-17T11:35:24+08:00 ] 127.0.0.1 /hospital/index.php/Home/Hospital/%E6%B3%A8%E5%86%8C_files/base.min.css
INFO: [ app_init ] --START--
INFO: Run Behavior\BuildLiteBehavior [ RunTime:0.000107s ]
INFO: [ app_init ] --END-- [ RunTime:0.001197s ]
ERR: 非法操作:注册_files

[ 2014-12-17T11:35:25+08:00 ] 127.0.0.1 /hospital/index.php/Home/Hospital/%E6%B3%A8%E5%86%8C_files/login.min.css
INFO: [ app_init ] --START--
INFO: Run Behavior\BuildLiteBehavior [ RunTime:0.000104s ]
INFO: [ app_init ] --END-- [ RunTime:0.001120s ]
ERR: 非法操作:注册_files

[ 2014-12-17T11:35:26+08:00 ] 127.0.0.1 /hospital/index.php/Home/Hospital/%E6%B3%A8%E5%86%8C_files/common.min.js
INFO: [ app_init ] --START--
INFO: Run Behavior\BuildLiteBehavior [ RunTime:0.000058s ]
INFO: [ app_init ] --END-- [ RunTime:0.000741s ]
ERR: 非法操作:注册_files

[ 2014-12-17T11:35:27+08:00 ] 127.0.0.1 /hospital/index.php/Home/Hospital/%E6%B3%A8%E5%86%8C_files/jquery.mailAutoComplete-3.1.js
INFO: [ app_init ] --START--
INFO: Run Behavior\BuildLiteBehavior [ RunTime:0.000066s ]
INFO: [ app_init ] --END-- [ RunTime:0.000745s ]
ERR: 非法操作:注册_files

[ 2014-12-17T11:35:28+08:00 ] 127.0.0.1 /hospital/index.php/Home/Hospital/%E6%B3%A8%E5%86%8C_files/reg.min.js
INFO: [ app_init ] --START--
INFO: Run Behavior\BuildLiteBehavior [ RunTime:0.000037s ]
INFO: [ app_init ] --END-- [ RunTime:0.000467s ]
ERR: 非法操作:注册_files

[ 2014-12-17T11:35:29+08:00 ] 127.0.0.1 /hospital/index.php/Home/Hospital/%E6%B3%A8%E5%86%8C_files/index.php
INFO: [ app_init ] --START--
INFO: Run Behavior\BuildLiteBehavior [ RunTime:0.000091s ]
INFO: [ app_init ] --END-- [ RunTime:0.001166s ]
ERR: 非法操作:注册_files

[ 2014-12-17T11:36:13+08:00 ] 127.0.0.1 /hospital/index.php/Home/Hospital/index
INFO: [ app_init ] --START--
INFO: Run Behavior\BuildLiteBehavior [ RunTime:0.000087s ]
INFO: [ app_init ] --END-- [ RunTime:0.001185s ]

[ 2014-12-17T11:36:20+08:00 ] 127.0.0.1 /hospital/index.php/Home/View/Hospital/register.html
INFO: [ app_init ] --START--
INFO: Run Behavior\BuildLiteBehavior [ RunTime:0.000088s ]
INFO: [ app_init ] --END-- [ RunTime:0.001210s ]
ERR: 无法加载控制器:View

[ 2014-12-17T11:38:41+08:00 ] 127.0.0.1 /hospital/index.php/Home/Hospital/index
INFO: [ app_init ] --START--
INFO: Run Behavior\BuildLiteBehavior [ RunTime:0.000050s ]
INFO: [ app_init ] --END-- [ RunTime:0.000709s ]

[ 2014-12-17T11:38:44+08:00 ] 127.0.0.1 /hospital/index.php/Home/Hospital/register
INFO: [ app_init ] --START--
INFO: Run Behavior\BuildLiteBehavior [ RunTime:0.000087s ]
INFO: [ app_init ] --END-- [ RunTime:0.001149s ]

[ 2014-12-17T11:38:45+08:00 ] 127.0.0.1 /hospital/index.php/Home/Hospital/%E6%B3%A8%E5%86%8C_files/jquery.mailAutoComplete-3.1.js
INFO: [ app_init ] --START--
INFO: Run Behavior\BuildLiteBehavior [ RunTime:0.000091s ]
INFO: [ app_init ] --END-- [ RunTime:0.001144s ]
ERR: 非法操作:注册_files

[ 2014-12-17T11:38:46+08:00 ] 127.0.0.1 /hospital/index.php/Home/Hospital/%E6%B3%A8%E5%86%8C_files/common.min.js
INFO: [ app_init ] --START--
INFO: Run Behavior\BuildLiteBehavior [ RunTime:0.000093s ]
INFO: [ app_init ] --END-- [ RunTime:0.001260s ]
ERR: 非法操作:注册_files

[ 2014-12-17T11:38:47+08:00 ] 127.0.0.1 /hospital/index.php/Home/Hospital/%E6%B3%A8%E5%86%8C_files/base.min.css
INFO: [ app_init ] --START--
INFO: Run Behavior\BuildLiteBehavior [ RunTime:0.000322s ]
INFO: [ app_init ] --END-- [ RunTime:0.001434s ]
ERR: 非法操作:注册_files

[ 2014-12-17T11:38:48+08:00 ] 127.0.0.1 /hospital/index.php/Home/Hospital/%E6%B3%A8%E5%86%8C_files/login.min.css
INFO: [ app_init ] --START--
INFO: Run Behavior\BuildLiteBehavior [ RunTime:0.000100s ]
INFO: [ app_init ] --END-- [ RunTime:0.001200s ]
ERR: 非法操作:注册_files

[ 2014-12-17T11:38:49+08:00 ] 127.0.0.1 /hospital/index.php/Home/Hospital/%E6%B3%A8%E5%86%8C_files/reg.min.js
INFO: [ app_init ] --START--
INFO: Run Behavior\BuildLiteBehavior [ RunTime:0.000044s ]
INFO: [ app_init ] --END-- [ RunTime:0.000562s ]
ERR: 非法操作:注册_files

[ 2014-12-17T11:38:50+08:00 ] 127.0.0.1 /hospital/index.php/Home/Hospital/%E6%B3%A8%E5%86%8C_files/index.php
INFO: [ app_init ] --START--
INFO: Run Behavior\BuildLiteBehavior [ RunTime:0.000055s ]
INFO: [ app_init ] --END-- [ RunTime:0.000886s ]
ERR: 非法操作:注册_files

[ 2014-12-17T11:40:51+08:00 ] 127.0.0.1 /hospital/index.php/Home/Hospital/register
INFO: [ app_init ] --START--
INFO: Run Behavior\BuildLiteBehavior [ RunTime:0.000080s ]
INFO: [ app_init ] --END-- [ RunTime:0.001073s ]
ERR: 模板不存在:./Hospital/Home/View/./View/Hospital/register.html.html

[ 2014-12-17T11:41:27+08:00 ] 127.0.0.1 /hospital/index.php/Home/Hospital/register
INFO: [ app_init ] --START--
INFO: Run Behavior\BuildLiteBehavior [ RunTime:0.000096s ]
INFO: [ app_init ] --END-- [ RunTime:0.001164s ]
ERR: 模板不存在:./Hospital/Home/View/../View/Hospital/register.html.html

[ 2014-12-17T11:41:52+08:00 ] 127.0.0.1 /hospital/index.php/Home/Hospital/register
INFO: [ app_init ] --START--
INFO: Run Behavior\BuildLiteBehavior [ RunTime:0.000050s ]
INFO: [ app_init ] --END-- [ RunTime:0.000626s ]
ERR: 模板不存在:./Hospital/Home/View//Hospital/register.html.html

[ 2014-12-17T11:42:01+08:00 ] 127.0.0.1 /hospital/index.php/Home/Hospital/register
INFO: [ app_init ] --START--
INFO: Run Behavior\BuildLiteBehavior [ RunTime:0.000049s ]
INFO: [ app_init ] --END-- [ RunTime:0.000711s ]
ERR: 模板不存在:./Hospital/Home/View/Hospital/register.html.html

[ 2014-12-17T11:42:14+08:00 ] 127.0.0.1 /hospital/index.php/Home/Hospital/register
INFO: [ app_init ] --START--
INFO: Run Behavior\BuildLiteBehavior [ RunTime:0.000096s ]
INFO: [ app_init ] --END-- [ RunTime:0.001038s ]

[ 2014-12-17T11:42:15+08:00 ] 127.0.0.1 /hospital/index.php/Home/Hospital/%E6%B3%A8%E5%86%8C_files/login.min.css
INFO: [ app_init ] --START--
INFO: Run Behavior\BuildLiteBehavior [ RunTime:0.000070s ]
INFO: [ app_init ] --END-- [ RunTime:0.000835s ]
ERR: 非法操作:注册_files

[ 2014-12-17T11:42:16+08:00 ] 127.0.0.1 /hospital/index.php/Home/Hospital/%E6%B3%A8%E5%86%8C_files/base.min.css
INFO: [ app_init ] --START--
INFO: Run Behavior\BuildLiteBehavior [ RunTime:0.000068s ]
INFO: [ app_init ] --END-- [ RunTime:0.000757s ]
ERR: 非法操作:注册_files

[ 2014-12-17T11:42:17+08:00 ] 127.0.0.1 /hospital/index.php/Home/Hospital/%E6%B3%A8%E5%86%8C_files/reg.min.js
INFO: [ app_init ] --START--
INFO: Run Behavior\BuildLiteBehavior [ RunTime:0.000063s ]
INFO: [ app_init ] --END-- [ RunTime:0.000833s ]
ERR: 非法操作:注册_files

[ 2014-12-17T11:42:18+08:00 ] 127.0.0.1 /hospital/index.php/Home/Hospital/%E6%B3%A8%E5%86%8C_files/common.min.js
INFO: [ app_init ] --START--
INFO: Run Behavior\BuildLiteBehavior [ RunTime:0.000065s ]
INFO: [ app_init ] --END-- [ RunTime:0.000785s ]
ERR: 非法操作:注册_files

[ 2014-12-17T11:42:19+08:00 ] 127.0.0.1 /hospital/index.php/Home/Hospital/%E6%B3%A8%E5%86%8C_files/jquery.mailAutoComplete-3.1.js
INFO: [ app_init ] --START--
INFO: Run Behavior\BuildLiteBehavior [ RunTime:0.000091s ]
INFO: [ app_init ] --END-- [ RunTime:0.000866s ]
ERR: 非法操作:注册_files

[ 2014-12-17T11:42:20+08:00 ] 127.0.0.1 /hospital/index.php/Home/Hospital/%E6%B3%A8%E5%86%8C_files/index.php
INFO: [ app_init ] --START--
INFO: Run Behavior\BuildLiteBehavior [ RunTime:0.000064s ]
INFO: [ app_init ] --END-- [ RunTime:0.000718s ]
ERR: 非法操作:注册_files

[ 2014-12-17T11:43:04+08:00 ] 127.0.0.1 /hospital/index.php/Home/Hospital/index
INFO: [ app_init ] --START--
INFO: Run Behavior\BuildLiteBehavior [ RunTime:0.000090s ]
INFO: [ app_init ] --END-- [ RunTime:0.001157s ]

[ 2014-12-17T11:43:09+08:00 ] 127.0.0.1 /hospital/index.php/Home/Hospital/register
INFO: [ app_init ] --START--
INFO: Run Behavior\BuildLiteBehavior [ RunTime:0.000121s ]
INFO: [ app_init ] --END-- [ RunTime:0.001143s ]
ERR: 模板不存在:./Hospital/Home/View/__APP__/Hospital/Home/View/Hospital/register.html.html

[ 2014-12-17T11:43:58+08:00 ] 127.0.0.1 /hospital/index.php/Home/Hospital/register
INFO: [ app_init ] --START--
INFO: Run Behavior\BuildLiteBehavior [ RunTime:0.000087s ]
INFO: [ app_init ] --END-- [ RunTime:0.001159s ]

[ 2014-12-17T11:43:59+08:00 ] 127.0.0.1 /hospital/index.php/Home/Hospital/%E6%B3%A8%E5%86%8C_files/base.min.css
INFO: [ app_init ] --START--
INFO: Run Behavior\BuildLiteBehavior [ RunTime:0.000081s ]
INFO: [ app_init ] --END-- [ RunTime:0.000624s ]
ERR: 非法操作:注册_files

[ 2014-12-17T11:44:00+08:00 ] 127.0.0.1 /hospital/index.php/Home/Hospital/%E6%B3%A8%E5%86%8C_files/common.min.js
INFO: [ app_init ] --START--
INFO: Run Behavior\BuildLiteBehavior [ RunTime:0.000069s ]
INFO: [ app_init ] --END-- [ RunTime:0.000767s ]
ERR: 非法操作:注册_files

[ 2014-12-17T11:44:01+08:00 ] 127.0.0.1 /hospital/index.php/Home/Hospital/%E6%B3%A8%E5%86%8C_files/jquery.mailAutoComplete-3.1.js
INFO: [ app_init ] --START--
INFO: Run Behavior\BuildLiteBehavior [ RunTime:0.000066s ]
INFO: [ app_init ] --END-- [ RunTime:0.000721s ]
ERR: 非法操作:注册_files

[ 2014-12-17T11:44:02+08:00 ] 127.0.0.1 /hospital/index.php/Home/Hospital/%E6%B3%A8%E5%86%8C_files/reg.min.js
INFO: [ app_init ] --START--
INFO: Run Behavior\BuildLiteBehavior [ RunTime:0.000090s ]
INFO: [ app_init ] --END-- [ RunTime:0.000756s ]
ERR: 非法操作:注册_files

[ 2014-12-17T11:44:03+08:00 ] 127.0.0.1 /hospital/index.php/Home/Hospital/%E6%B3%A8%E5%86%8C_files/login.min.css
INFO: [ app_init ] --START--
INFO: Run Behavior\BuildLiteBehavior [ RunTime:0.000035s ]
INFO: [ app_init ] --END-- [ RunTime:0.000572s ]
ERR: 非法操作:注册_files

[ 2014-12-17T11:44:04+08:00 ] 127.0.0.1 /hospital/index.php/Home/Hospital/%E6%B3%A8%E5%86%8C_files/index.php
INFO: [ app_init ] --START--
INFO: Run Behavior\BuildLiteBehavior [ RunTime:0.000086s ]
INFO: [ app_init ] --END-- [ RunTime:0.001205s ]
ERR: 非法操作:注册_files

[ 2014-12-17T11:44:55+08:00 ] 127.0.0.1 /hospital/index.php/Home/Hospital
INFO: [ app_init ] --START--
INFO: Run Behavior\BuildLiteBehavior [ RunTime:0.000054s ]
INFO: [ app_init ] --END-- [ RunTime:0.000808s ]

[ 2014-12-17T11:44:58+08:00 ] 127.0.0.1 /hospital/index.php/Home/Hospital/hospitals
INFO: [ app_init ] --START--
INFO: Run Behavior\BuildLiteBehavior [ RunTime:0.000052s ]
INFO: [ app_init ] --END-- [ RunTime:0.000666s ]

[ 2014-12-17T11:46:03+08:00 ] 127.0.0.1 /hospital/index.php/Home/Hospital/hospitals
INFO: [ app_init ] --START--
INFO: Run Behavior\BuildLiteBehavior [ RunTime:0.000055s ]
INFO: [ app_init ] --END-- [ RunTime:0.000752s ]

[ 2014-12-17T11:46:05+08:00 ] 127.0.0.1 /hospital/index.php/Home/Hospital
INFO: [ app_init ] --START--
INFO: Run Behavior\BuildLiteBehavior [ RunTime:0.000091s ]
INFO: [ app_init ] --END-- [ RunTime:0.001305s ]

[ 2014-12-17T11:46:08+08:00 ] 127.0.0.1 /hospital/index.php/Home/Hospital/register
INFO: [ app_init ] --START--
INFO: Run Behavior\BuildLiteBehavior [ RunTime:0.000053s ]
INFO: [ app_init ] --END-- [ RunTime:0.000769s ]

[ 2014-12-17T11:46:09+08:00 ] 127.0.0.1 /hospital/index.php/Home/Hospital/%E6%B3%A8%E5%86%8C_files/base.min.css
INFO: [ app_init ] --START--
INFO: Run Behavior\BuildLiteBehavior [ RunTime:0.000084s ]
INFO: [ app_init ] --END-- [ RunTime:0.000829s ]
ERR: 非法操作:注册_files

[ 2014-12-17T11:46:10+08:00 ] 127.0.0.1 /hospital/index.php/Home/Hospital/%E6%B3%A8%E5%86%8C_files/common.min.js
INFO: [ app_init ] --START--
INFO: Run Behavior\BuildLiteBehavior [ RunTime:0.000061s ]
INFO: [ app_init ] --END-- [ RunTime:0.000769s ]
ERR: 非法操作:注册_files

[ 2014-12-17T11:46:11+08:00 ] 127.0.0.1 /hospital/index.php/Home/Hospital/%E6%B3%A8%E5%86%8C_files/jquery.mailAutoComplete-3.1.js
INFO: [ app_init ] --START--
INFO: Run Behavior\BuildLiteBehavior [ RunTime:0.000072s ]
INFO: [ app_init ] --END-- [ RunTime:0.000814s ]
ERR: 非法操作:注册_files

[ 2014-12-17T11:46:12+08:00 ] 127.0.0.1 /hospital/index.php/Home/Hospital/%E6%B3%A8%E5%86%8C_files/reg.min.js
INFO: [ app_init ] --START--
INFO: Run Behavior\BuildLiteBehavior [ RunTime:0.000074s ]
INFO: [ app_init ] --END-- [ RunTime:0.000936s ]
ERR: 非法操作:注册_files

[ 2014-12-17T11:46:13+08:00 ] 127.0.0.1 /hospital/index.php/Home/Hospital/%E6%B3%A8%E5%86%8C_files/login.min.css
INFO: [ app_init ] --START--
INFO: Run Behavior\BuildLiteBehavior [ RunTime:0.000037s ]
INFO: [ app_init ] --END-- [ RunTime:0.000504s ]
ERR: 非法操作:注册_files

[ 2014-12-17T11:46:14+08:00 ] 127.0.0.1 /hospital/index.php/Home/Hospital/%E6%B3%A8%E5%86%8C_files/index.php
INFO: [ app_init ] --START--
INFO: Run Behavior\BuildLiteBehavior [ RunTime:0.000095s ]
INFO: [ app_init ] --END-- [ RunTime:0.001314s ]
ERR: 非法操作:注册_files

[ 2014-12-17T11:46:17+08:00 ] 127.0.0.1 /hospital/index.php/Home/Hospital/hospitals
INFO: [ app_init ] --START--
INFO: Run Behavior\BuildLiteBehavior [ RunTime:0.000049s ]
INFO: [ app_init ] --END-- [ RunTime:0.000610s ]

[ 2014-12-17T11:46:19+08:00 ] 127.0.0.1 /hospital/index.php/Home/Hospital/register
INFO: [ app_init ] --START--
INFO: Run Behavior\BuildLiteBehavior [ RunTime:0.000133s ]
INFO: [ app_init ] --END-- [ RunTime:0.001089s ]

[ 2014-12-17T11:46:21+08:00 ] 127.0.0.1 /hospital/index.php/Home/Hospital/%E6%B3%A8%E5%86%8C_files/login.min.css
INFO: [ app_init ] --START--
INFO: Run Behavior\BuildLiteBehavior [ RunTime:0.000067s ]
INFO: [ app_init ] --END-- [ RunTime:0.000808s ]
ERR: 非法操作:注册_files

[ 2014-12-17T11:46:22+08:00 ] 127.0.0.1 /hospital/index.php/Home/Hospital/%E6%B3%A8%E5%86%8C_files/base.min.css
INFO: [ app_init ] --START--
INFO: Run Behavior\BuildLiteBehavior [ RunTime:0.000064s ]
INFO: [ app_init ] --END-- [ RunTime:0.000845s ]
ERR: 非法操作:注册_files

[ 2014-12-17T11:46:23+08:00 ] 127.0.0.1 /hospital/index.php/Home/Hospital/%E6%B3%A8%E5%86%8C_files/jquery.mailAutoComplete-3.1.js
INFO: [ app_init ] --START--
INFO: Run Behavior\BuildLiteBehavior [ RunTime:0.000059s ]
INFO: [ app_init ] --END-- [ RunTime:0.000753s ]
ERR: 非法操作:注册_files

[ 2014-12-17T11:46:24+08:00 ] 127.0.0.1 /hospital/index.php/Home/Hospital/%E6%B3%A8%E5%86%8C_files/common.min.js
INFO: [ app_init ] --START--
INFO: Run Behavior\BuildLiteBehavior [ RunTime:0.000061s ]
INFO: [ app_init ] --END-- [ RunTime:0.000757s ]
ERR: 非法操作:注册_files

[ 2014-12-17T11:46:25+08:00 ] 127.0.0.1 /hospital/index.php/Home/Hospital/%E6%B3%A8%E5%86%8C_files/reg.min.js
INFO: [ app_init ] --START--
INFO: Run Behavior\BuildLiteBehavior [ RunTime:0.000036s ]
INFO: [ app_init ] --END-- [ RunTime:0.000555s ]
ERR: 非法操作:注册_files

[ 2014-12-17T11:46:26+08:00 ] 127.0.0.1 /hospital/index.php/Home/Hospital/%E6%B3%A8%E5%86%8C_files/index.php
INFO: [ app_init ] --START--
INFO: Run Behavior\BuildLiteBehavior [ RunTime:0.000092s ]
INFO: [ app_init ] --END-- [ RunTime:0.001176s ]
ERR: 非法操作:注册_files

[ 2014-12-17T11:46:29+08:00 ] 127.0.0.1 /hospital/index.php/Home/Hospital/gonggao
INFO: [ app_init ] --START--
INFO: Run Behavior\BuildLiteBehavior [ RunTime:0.000152s ]
INFO: [ app_init ] --END-- [ RunTime:0.001692s ]

[ 2014-12-17T11:46:31+08:00 ] 127.0.0.1 /hospital/index.php/Home/Hospital/register
INFO: [ app_init ] --START--
INFO: Run Behavior\BuildLiteBehavior [ RunTime:0.000050s ]
INFO: [ app_init ] --END-- [ RunTime:0.000531s ]

[ 2014-12-17T11:46:32+08:00 ] 127.0.0.1 /hospital/index.php/Home/Hospital/%E6%B3%A8%E5%86%8C_files/login.min.css
INFO: [ app_init ] --START--
INFO: Run Behavior\BuildLiteBehavior [ RunTime:0.000087s ]
INFO: [ app_init ] --END-- [ RunTime:0.000981s ]
ERR: 非法操作:注册_files

[ 2014-12-17T11:46:33+08:00 ] 127.0.0.1 /hospital/index.php/Home/Hospital/%E6%B3%A8%E5%86%8C_files/base.min.css
INFO: [ app_init ] --START--
INFO: Run Behavior\BuildLiteBehavior [ RunTime:0.000092s ]
INFO: [ app_init ] --END-- [ RunTime:0.007097s ]
ERR: 非法操作:注册_files

[ 2014-12-17T11:46:34+08:00 ] 127.0.0.1 /hospital/index.php/Home/Hospital/%E6%B3%A8%E5%86%8C_files/reg.min.js
INFO: [ app_init ] --START--
INFO: Run Behavior\BuildLiteBehavior [ RunTime:0.000063s ]
INFO: [ app_init ] --END-- [ RunTime:0.000719s ]
ERR: 非法操作:注册_files

[ 2014-12-17T11:46:35+08:00 ] 127.0.0.1 /hospital/index.php/Home/Hospital/%E6%B3%A8%E5%86%8C_files/jquery.mailAutoComplete-3.1.js
INFO: [ app_init ] --START--
INFO: Run Behavior\BuildLiteBehavior [ RunTime:0.000043s ]
INFO: [ app_init ] --END-- [ RunTime:0.000475s ]
ERR: 非法操作:注册_files

[ 2014-12-17T11:46:36+08:00 ] 127.0.0.1 /hospital/index.php/Home/Hospital/%E6%B3%A8%E5%86%8C_files/common.min.js
INFO: [ app_init ] --START--
INFO: Run Behavior\BuildLiteBehavior [ RunTime:0.000069s ]
INFO: [ app_init ] --END-- [ RunTime:0.000740s ]
ERR: 非法操作:注册_files

[ 2014-12-17T11:46:38+08:00 ] 127.0.0.1 /hospital/index.php/Home/Hospital/%E6%B3%A8%E5%86%8C_files/index.php
INFO: [ app_init ] --START--
INFO: Run Behavior\BuildLiteBehavior [ RunTime:0.000093s ]
INFO: [ app_init ] --END-- [ RunTime:0.001205s ]
ERR: 非法操作:注册_files

[ 2014-12-17T11:47:06+08:00 ] 127.0.0.1 /hospital/index.php/Home/Hospital/register
INFO: [ app_init ] --START--
INFO: Run Behavior\BuildLiteBehavior [ RunTime:0.000095s ]
INFO: [ app_init ] --END-- [ RunTime:0.001174s ]

[ 2014-12-17T11:47:07+08:00 ] 127.0.0.1 /hospital/index.php/Home/Hospital/%E6%B3%A8%E5%86%8C_files/jquery.mailAutoComplete-3.1.js
INFO: [ app_init ] --START--
INFO: Run Behavior\BuildLiteBehavior [ RunTime:0.000093s ]
INFO: [ app_init ] --END-- [ RunTime:0.001305s ]
ERR: 非法操作:注册_files

[ 2014-12-17T11:47:08+08:00 ] 127.0.0.1 /hospital/index.php/Home/Hospital/%E6%B3%A8%E5%86%8C_files/base.min.css
INFO: [ app_init ] --START--
INFO: Run Behavior\BuildLiteBehavior [ RunTime:0.000075s ]
INFO: [ app_init ] --END-- [ RunTime:0.001531s ]
ERR: 非法操作:注册_files

[ 2014-12-17T11:47:09+08:00 ] 127.0.0.1 /hospital/index.php/Home/Hospital/%E6%B3%A8%E5%86%8C_files/reg.min.js
INFO: [ app_init ] --START--
INFO: Run Behavior\BuildLiteBehavior [ RunTime:0.000122s ]
INFO: [ app_init ] --END-- [ RunTime:0.000983s ]
ERR: 非法操作:注册_files

[ 2014-12-17T11:47:10+08:00 ] 127.0.0.1 /hospital/index.php/Home/Hospital/%E6%B3%A8%E5%86%8C_files/common.min.js
INFO: [ app_init ] --START--
INFO: Run Behavior\BuildLiteBehavior [ RunTime:0.000060s ]
INFO: [ app_init ] --END-- [ RunTime:0.000706s ]
ERR: 非法操作:注册_files

[ 2014-12-17T11:47:11+08:00 ] 127.0.0.1 /hospital/index.php/Home/Hospital/%E6%B3%A8%E5%86%8C_files/login.min.css
INFO: [ app_init ] --START--
INFO: Run Behavior\BuildLiteBehavior [ RunTime:0.000054s ]
INFO: [ app_init ] --END-- [ RunTime:0.000689s ]
ERR: 非法操作:注册_files

[ 2014-12-17T11:47:12+08:00 ] 127.0.0.1 /hospital/index.php/Home/Hospital/%E6%B3%A8%E5%86%8C_files/index.php
INFO: [ app_init ] --START--
INFO: Run Behavior\BuildLiteBehavior [ RunTime:0.000086s ]
INFO: [ app_init ] --END-- [ RunTime:0.001161s ]
ERR: 非法操作:注册_files

[ 2014-12-17T11:49:57+08:00 ] 127.0.0.1 /hospital/index.php/Home/Hospital/register
INFO: [ app_init ] --START--
INFO: Run Behavior\BuildLiteBehavior [ RunTime:0.000060s ]
INFO: [ app_init ] --END-- [ RunTime:0.000837s ]

[ 2014-12-17T11:49:58+08:00 ] 127.0.0.1 /hospital/index.php/Home/Hospital/%E6%B3%A8%E5%86%8C_files/base.min.css
INFO: [ app_init ] --START--
INFO: Run Behavior\BuildLiteBehavior [ RunTime:0.000082s ]
INFO: [ app_init ] --END-- [ RunTime:0.001795s ]
ERR: 非法操作:注册_files

[ 2014-12-17T11:49:59+08:00 ] 127.0.0.1 /hospital/index.php/Home/Hospital/%E6%B3%A8%E5%86%8C_files/login.min.css
INFO: [ app_init ] --START--
INFO: Run Behavior\BuildLiteBehavior [ RunTime:0.000063s ]
INFO: [ app_init ] --END-- [ RunTime:0.000850s ]
ERR: 非法操作:注册_files

[ 2014-12-17T11:50:00+08:00 ] 127.0.0.1 /hospital/index.php/Home/Hospital/%E6%B3%A8%E5%86%8C_files/common.min.js
INFO: [ app_init ] --START--
INFO: Run Behavior\BuildLiteBehavior [ RunTime:0.000072s ]
INFO: [ app_init ] --END-- [ RunTime:0.000883s ]
ERR: 非法操作:注册_files

[ 2014-12-17T11:50:01+08:00 ] 127.0.0.1 /hospital/index.php/Home/Hospital/%E6%B3%A8%E5%86%8C_files/reg.min.js
INFO: [ app_init ] --START--
INFO: Run Behavior\BuildLiteBehavior [ RunTime:0.000066s ]
INFO: [ app_init ] --END-- [ RunTime:0.000839s ]
ERR: 非法操作:注册_files

[ 2014-12-17T11:50:02+08:00 ] 127.0.0.1 /hospital/index.php/Home/Hospital/%E6%B3%A8%E5%86%8C_files/jquery.mailAutoComplete-3.1.js
INFO: [ app_init ] --START--
INFO: Run Behavior\BuildLiteBehavior [ RunTime:0.000036s ]
INFO: [ app_init ] --END-- [ RunTime:0.000500s ]
ERR: 非法操作:注册_files

[ 2014-12-17T11:50:03+08:00 ] 127.0.0.1 /hospital/index.php/Home/Hospital/%E6%B3%A8%E5%86%8C_files/index.php
INFO: [ app_init ] --START--
INFO: Run Behavior\BuildLiteBehavior [ RunTime:0.000041s ]
INFO: [ app_init ] --END-- [ RunTime:0.000563s ]
ERR: 非法操作:注册_files

[ 2014-12-17T11:51:08+08:00 ] 127.0.0.1 /hospital/index.php/Home/Hospital/register
INFO: [ app_init ] --START--
INFO: Run Behavior\BuildLiteBehavior [ RunTime:0.000100s ]
INFO: [ app_init ] --END-- [ RunTime:0.001148s ]

[ 2014-12-17T11:51:09+08:00 ] 127.0.0.1 /hospital/index.php/Home/Hospital/%E6%B3%A8%E5%86%8C_files/index.php
INFO: [ app_init ] --START--
INFO: Run Behavior\BuildLiteBehavior [ RunTime:0.000071s ]
INFO: [ app_init ] --END-- [ RunTime:0.000914s ]
ERR: 非法操作:注册_files

[ 2014-12-17T11:51:14+08:00 ] 127.0.0.1 /hospital/index.php/Home/Hospital/register
INFO: [ app_init ] --START--
INFO: Run Behavior\BuildLiteBehavior [ RunTime:0.000090s ]
INFO: [ app_init ] --END-- [ RunTime:0.001344s ]

[ 2014-12-17T11:51:15+08:00 ] 127.0.0.1 /hospital/index.php/Home/Hospital/%E6%B3%A8%E5%86%8C_files/index.php
INFO: [ app_init ] --START--
INFO: Run Behavior\BuildLiteBehavior [ RunTime:0.000039s ]
INFO: [ app_init ] --END-- [ RunTime:0.000516s ]
ERR: 非法操作:注册_files

[ 2014-12-17T11:51:34+08:00 ] 127.0.0.1 /hospital/index.php/Home/Hospital/register
INFO: [ app_init ] --START--
INFO: Run Behavior\BuildLiteBehavior [ RunTime:0.000091s ]
INFO: [ app_init ] --END-- [ RunTime:0.001170s ]

[ 2014-12-17T11:51:35+08:00 ] 127.0.0.1 /hospital/index.php/Home/Hospital/%E6%B3%A8%E5%86%8C_files/index.php
INFO: [ app_init ] --START--
INFO: Run Behavior\BuildLiteBehavior [ RunTime:0.000036s ]
INFO: [ app_init ] --END-- [ RunTime:0.000475s ]
ERR: 非法操作:注册_files

[ 2014-12-17T11:52:50+08:00 ] 127.0.0.1 /hospital/index.php/Home/Hospital/register
INFO: [ app_init ] --START--
INFO: Run Behavior\BuildLiteBehavior [ RunTime:0.000092s ]
INFO: [ app_init ] --END-- [ RunTime:0.001433s ]

[ 2014-12-17T11:53:56+08:00 ] 127.0.0.1 /hospital/index.php/Home/Hospital/register
INFO: [ app_init ] --START--
INFO: Run Behavior\BuildLiteBehavior [ RunTime:0.000062s ]
INFO: [ app_init ] --END-- [ RunTime:0.001014s ]

[ 2014-12-17T11:54:04+08:00 ] 127.0.0.1 /hospital/index.php/Home/Hospital/login
INFO: [ app_init ] --START--
INFO: Run Behavior\BuildLiteBehavior [ RunTime:0.000091s ]
INFO: [ app_init ] --END-- [ RunTime:0.001144s ]
ERR: 非法操作:login

[ 2014-12-17T11:54:26+08:00 ] 127.0.0.1 /hospital/index.php/Home/Hospital/login
INFO: [ app_init ] --START--
INFO: Run Behavior\BuildLiteBehavior [ RunTime:0.000162s ]
INFO: [ app_init ] --END-- [ RunTime:0.001914s ]
ERR: 非法操作:login

[ 2014-12-17T11:56:52+08:00 ] 127.0.0.1 /hospital/index.php/Home/Hospital/login
INFO: [ app_init ] --START--
INFO: Run Behavior\BuildLiteBehavior [ RunTime:0.000054s ]
INFO: [ app_init ] --END-- [ RunTime:0.000743s ]
ERR: 非法操作:login

[ 2014-12-17T11:56:57+08:00 ] 127.0.0.1 /hospital/index.php/Home/Hospital/login
INFO: [ app_init ] --START--
INFO: Run Behavior\BuildLiteBehavior [ RunTime:0.000109s ]
INFO: [ app_init ] --END-- [ RunTime:0.001282s ]
ERR: 非法操作:login

[ 2014-12-17T11:57:33+08:00 ] 127.0.0.1 /hospital/index.php/Home/Hospital/register
INFO: [ app_init ] --START--
INFO: Run Behavior\BuildLiteBehavior [ RunTime:0.000034s ]
INFO: [ app_init ] --END-- [ RunTime:0.000499s ]

[ 2014-12-17T11:57:35+08:00 ] 127.0.0.1 /hospital/index.php/Home/Hospital
INFO: [ app_init ] --START--
INFO: Run Behavior\BuildLiteBehavior [ RunTime:0.000044s ]
INFO: [ app_init ] --END-- [ RunTime:0.000546s ]

[ 2014-12-17T11:57:40+08:00 ] 127.0.0.1 /hospital/index.php/Home/Hospital
INFO: [ app_init ] --START--
INFO: Run Behavior\BuildLiteBehavior [ RunTime:0.000089s ]
INFO: [ app_init ] --END-- [ RunTime:0.001184s ]

[ 2014-12-17T11:57:44+08:00 ] 127.0.0.1 /hospital/index.php/Home/Hospital/register
INFO: [ app_init ] --START--
INFO: Run Behavior\BuildLiteBehavior [ RunTime:0.000091s ]
INFO: [ app_init ] --END-- [ RunTime:0.001143s ]

[ 2014-12-17T12:08:43+08:00 ] 127.0.0.1 /hospital/index.php/Home/Hospital/register
INFO: [ app_init ] --START--
INFO: Run Behavior\BuildLiteBehavior [ RunTime:0.000068s ]
INFO: [ app_init ] --END-- [ RunTime:0.000755s ]

[ 2014-12-17T12:13:36+08:00 ] 127.0.0.1 /hospital/index.php/Home/Hospital/register
INFO: [ app_init ] --START--
INFO: Run Behavior\BuildLiteBehavior [ RunTime:0.000087s ]
INFO: [ app_init ] --END-- [ RunTime:0.001258s ]

[ 2014-12-17T12:13:40+08:00 ] 127.0.0.1 /hospital/index.php/Home/Hospital/register
INFO: [ app_init ] --START--
INFO: Run Behavior\BuildLiteBehavior [ RunTime:0.000051s ]
INFO: [ app_init ] --END-- [ RunTime:0.000607s ]

[ 2014-12-17T12:54:35+08:00 ] 127.0.0.1 /hospital/index.php/Home/Hospital
INFO: [ app_init ] --START--
INFO: Run Behavior\BuildLiteBehavior [ RunTime:0.000039s ]
INFO: [ app_init ] --END-- [ RunTime:0.000793s ]
INFO: [ app_begin ] --START--
INFO: Run Behavior\ReadHtmlCacheBehavior [ RunTime:0.000979s ]
INFO: [ app_begin ] --END-- [ RunTime:0.001186s ]
INFO: [ view_parse ] --START--
INFO: [ template_filter ] --START--
INFO: Run Behavior\ContentReplaceBehavior [ RunTime:0.000166s ]
INFO: [ template_filter ] --END-- [ RunTime:0.000371s ]
INFO: Run Behavior\ParseTemplateBehavior [ RunTime:0.059182s ]
INFO: [ view_parse ] --END-- [ RunTime:0.059410s ]
INFO: [ view_filter ] --START--
INFO: Run Behavior\WriteHtmlCacheBehavior [ RunTime:0.003983s ]
INFO: [ view_filter ] --END-- [ RunTime:0.004172s ]
INFO: [ app_end ] --START--
INFO: Run Behavior\ShowPageTraceBehavior [ RunTime:0.001337s ]
INFO: [ app_end ] --END-- [ RunTime:0.001541s ]

[ 2014-12-17T12:54:39+08:00 ] 127.0.0.1 /hospital/index.php/Home/Hospital
INFO: [ app_init ] --START--
INFO: Run Behavior\BuildLiteBehavior [ RunTime:0.000054s ]
INFO: [ app_init ] --END-- [ RunTime:0.000744s ]
INFO: [ app_begin ] --START--
INFO: Run Behavior\ReadHtmlCacheBehavior [ RunTime:0.000886s ]
INFO: [ app_begin ] --END-- [ RunTime:0.001902s ]
INFO: [ view_parse ] --START--
INFO: [ template_filter ] --START--
INFO: Run Behavior\ContentReplaceBehavior [ RunTime:0.000233s ]
INFO: [ template_filter ] --END-- [ RunTime:0.000512s ]
INFO: Run Behavior\ParseTemplateBehavior [ RunTime:0.024756s ]
INFO: [ view_parse ] --END-- [ RunTime:0.025107s ]
INFO: [ view_filter ] --START--
INFO: Run Behavior\WriteHtmlCacheBehavior [ RunTime:0.000413s ]
INFO: [ view_filter ] --END-- [ RunTime:0.000583s ]
INFO: [ app_end ] --START--
INFO: Run Behavior\ShowPageTraceBehavior [ RunTime:0.001391s ]
INFO: [ app_end ] --END-- [ RunTime:0.001655s ]

[ 2014-12-17T12:54:47+08:00 ] 127.0.0.1 /hospital/index.php/Home/Hospital
INFO: [ app_init ] --START--
INFO: Run Behavior\BuildLiteBehavior [ RunTime:0.000074s ]
INFO: [ app_init ] --END-- [ RunTime:0.000768s ]
INFO: [ app_begin ] --START--
INFO: Run Behavior\ReadHtmlCacheBehavior [ RunTime:0.000623s ]
INFO: [ app_begin ] --END-- [ RunTime:0.000813s ]
INFO: [ view_parse ] --START--
INFO: [ template_filter ] --START--
INFO: Run Behavior\ContentReplaceBehavior [ RunTime:0.000154s ]
INFO: [ template_filter ] --END-- [ RunTime:0.000328s ]
INFO: Run Behavior\ParseTemplateBehavior [ RunTime:0.017901s ]
INFO: [ view_parse ] --END-- [ RunTime:0.018194s ]
INFO: [ view_filter ] --START--
INFO: Run Behavior\WriteHtmlCacheBehavior [ RunTime:0.000394s ]
INFO: [ view_filter ] --END-- [ RunTime:0.000558s ]
INFO: [ app_end ] --START--
INFO: Run Behavior\ShowPageTraceBehavior [ RunTime:0.001110s ]
INFO: [ app_end ] --END-- [ RunTime:0.001365s ]

[ 2014-12-17T12:55:33+08:00 ] 127.0.0.1 /hospital/index.php/Home/Hospital
INFO: [ app_init ] --START--
INFO: Run Behavior\BuildLiteBehavior [ RunTime:0.000053s ]
INFO: [ app_init ] --END-- [ RunTime:0.000614s ]
INFO: [ app_begin ] --START--
INFO: Run Behavior\ReadHtmlCacheBehavior [ RunTime:0.000535s ]
INFO: [ app_begin ] --END-- [ RunTime:0.000722s ]
INFO: [ view_parse ] --START--
INFO: [ template_filter ] --START--
INFO: Run Behavior\ContentReplaceBehavior [ RunTime:0.000168s ]
INFO: [ template_filter ] --END-- [ RunTime:0.000369s ]
INFO: Run Behavior\ParseTemplateBehavior [ RunTime:0.022947s ]
INFO: [ view_parse ] --END-- [ RunTime:0.023292s ]
INFO: [ view_filter ] --START--
INFO: Run Behavior\WriteHtmlCacheBehavior [ RunTime:0.000575s ]
INFO: [ view_filter ] --END-- [ RunTime:0.000869s ]
INFO: [ app_end ] --START--
INFO: Run Behavior\ShowPageTraceBehavior [ RunTime:0.001109s ]
INFO: [ app_end ] --END-- [ RunTime:0.001450s ]

[ 2014-12-17T12:55:35+08:00 ] 127.0.0.1 /hospital/index.php/Home/Hospital
INFO: [ app_init ] --START--
INFO: Run Behavior\BuildLiteBehavior [ RunTime:0.000038s ]
INFO: [ app_init ] --END-- [ RunTime:0.000466s ]
INFO: [ app_begin ] --START--
INFO: Run Behavior\ReadHtmlCacheBehavior [ RunTime:0.000503s ]
INFO: [ app_begin ] --END-- [ RunTime:0.000691s ]
INFO: [ view_parse ] --START--
INFO: [ template_filter ] --START--
INFO: Run Behavior\ContentReplaceBehavior [ RunTime:0.000169s ]
INFO: [ template_filter ] --END-- [ RunTime:0.000369s ]
INFO: Run Behavior\ParseTemplateBehavior [ RunTime:0.020328s ]
INFO: [ view_parse ] --END-- [ RunTime:0.020618s ]
INFO: [ view_filter ] --START--
INFO: Run Behavior\WriteHtmlCacheBehavior [ RunTime:0.000312s ]
INFO: [ view_filter ] --END-- [ RunTime:0.000503s ]
INFO: [ app_end ] --START--
INFO: Run Behavior\ShowPageTraceBehavior [ RunTime:0.000848s ]
INFO: [ app_end ] --END-- [ RunTime:0.001122s ]

[ 2014-12-17T12:55:37+08:00 ] 127.0.0.1 /hospital/index.php/Home/Hospital
INFO: [ app_init ] --START--
INFO: Run Behavior\BuildLiteBehavior [ RunTime:0.000037s ]
INFO: [ app_init ] --END-- [ RunTime:0.000470s ]
INFO: [ app_begin ] --START--
INFO: Run Behavior\ReadHtmlCacheBehavior [ RunTime:0.000514s ]
INFO: [ app_begin ] --END-- [ RunTime:0.000687s ]
INFO: [ view_parse ] --START--
INFO: [ template_filter ] --START--
INFO: Run Behavior\ContentReplaceBehavior [ RunTime:0.000164s ]
INFO: [ template_filter ] --END-- [ RunTime:0.000372s ]
INFO: Run Behavior\ParseTemplateBehavior [ RunTime:0.019416s ]
INFO: [ view_parse ] --END-- [ RunTime:0.019627s ]
INFO: [ view_filter ] --START--
INFO: Run Behavior\WriteHtmlCacheBehavior [ RunTime:0.000316s ]
INFO: [ view_filter ] --END-- [ RunTime:0.000475s ]
INFO: [ app_end ] --START--
INFO: Run Behavior\ShowPageTraceBehavior [ RunTime:0.001277s ]
INFO: [ app_end ] --END-- [ RunTime:0.001535s ]

[ 2014-12-17T12:55:41+08:00 ] 127.0.0.1 /hospital/index.php/Home/User/login
INFO: [ app_init ] --START--
INFO: Run Behavior\BuildLiteBehavior [ RunTime:0.000367s ]
INFO: [ app_init ] --END-- [ RunTime:0.001351s ]
INFO: [ app_begin ] --START--
INFO: Run Behavior\ReadHtmlCacheBehavior [ RunTime:0.000582s ]
INFO: [ app_begin ] --END-- [ RunTime:0.000815s ]
ERR: 没有定义数据库配置

[ 2014-12-17T12:56:15+08:00 ] 127.0.0.1 /hospital/index.php/Home/User/login
INFO: [ app_init ] --START--
INFO: Run Behavior\BuildLiteBehavior [ RunTime:0.000068s ]
INFO: [ app_init ] --END-- [ RunTime:0.000816s ]

[ 2014-12-17T12:56:44+08:00 ] 127.0.0.1 /hospital/index.php/Home/User/login
INFO: [ app_init ] --START--
INFO: Run Behavior\BuildLiteBehavior [ RunTime:0.000096s ]
INFO: [ app_init ] --END-- [ RunTime:0.001278s ]

[ 2014-12-17T12:56:46+08:00 ] 127.0.0.1 /hospital/index.php/Home/Hospital/index
INFO: [ app_init ] --START--
INFO: Run Behavior\BuildLiteBehavior [ RunTime:0.000156s ]
INFO: [ app_init ] --END-- [ RunTime:0.001626s ]

[ 2014-12-17T12:56:48+08:00 ] 127.0.0.1 /hospital/index.php/Home/User/logout
INFO: [ app_init ] --START--
INFO: Run Behavior\BuildLiteBehavior [ RunTime:0.000047s ]
INFO: [ app_init ] --END-- [ RunTime:0.000617s ]

[ 2014-12-17T12:56:50+08:00 ] 127.0.0.1 /hospital/index.php/Home/Hospital/index
INFO: [ app_init ] --START--
INFO: Run Behavior\BuildLiteBehavior [ RunTime:0.000058s ]
INFO: [ app_init ] --END-- [ RunTime:0.000638s ]

[ 2014-12-17T12:57:00+08:00 ] 127.0.0.1 /hospital/index.php/Home/Hospital/register
INFO: [ app_init ] --START--
INFO: Run Behavior\BuildLiteBehavior [ RunTime:0.000058s ]
INFO: [ app_init ] --END-- [ RunTime:0.000826s ]

[ 2014-12-17T12:57:05+08:00 ] 127.0.0.1 /hospital/index.php/Home/Hospital
INFO: [ app_init ] --START--
INFO: Run Behavior\BuildLiteBehavior [ RunTime:0.000169s ]
INFO: [ app_init ] --END-- [ RunTime:0.002084s ]

[ 2014-12-17T12:58:41+08:00 ] 127.0.0.1 /hospital/index.php/Home/Hospital
INFO: [ app_init ] --START--
INFO: Run Behavior\BuildLiteBehavior [ RunTime:0.000092s ]
INFO: [ app_init ] --END-- [ RunTime:0.001274s ]

[ 2014-12-17T12:58:51+08:00 ] 127.0.0.1 /hospital/index.php/Home/User/login
INFO: [ app_init ] --START--
INFO: Run Behavior\BuildLiteBehavior [ RunTime:0.000067s ]
INFO: [ app_init ] --END-- [ RunTime:0.001088s ]

[ 2014-12-17T12:58:53+08:00 ] 127.0.0.1 /hospital/index.php/Home/Hospital/index
INFO: [ app_init ] --START--
INFO: Run Behavior\BuildLiteBehavior [ RunTime:0.000086s ]
INFO: [ app_init ] --END-- [ RunTime:0.000998s ]

[ 2014-12-17T18:48:46+08:00 ] 127.0.0.1 /hospitalSystem/trunk/
INFO: [ app_init ] --START--
INFO: Run Behavior\BuildLiteBehavior [ RunTime:0.000059s ]
INFO: [ app_init ] --END-- [ RunTime:0.000895s ]

[ 2014-12-17T18:48:52+08:00 ] 127.0.0.1 /hospitalSystem/trunk/index.php/Home/Hospital/register
INFO: [ app_init ] --START--
INFO: Run Behavior\BuildLiteBehavior [ RunTime:0.000116s ]
INFO: [ app_init ] --END-- [ RunTime:0.002106s ]

[ 2014-12-17T18:49:04+08:00 ] 127.0.0.1 /hospitalSystem/trunk/index.php/Home/Hospital
INFO: [ app_init ] --START--
INFO: Run Behavior\BuildLiteBehavior [ RunTime:0.000091s ]
INFO: [ app_init ] --END-- [ RunTime:0.001435s ]

[ 2014-12-17T18:49:09+08:00 ] 127.0.0.1 /hospitalSystem/trunk/index.php/Home/Hospital/register
INFO: [ app_init ] --START--
INFO: Run Behavior\BuildLiteBehavior [ RunTime:0.000034s ]
INFO: [ app_init ] --END-- [ RunTime:0.000438s ]

[ 2014-12-17T18:50:28+08:00 ] 127.0.0.1 /hospitalSystem/trunk/index.php/Home/Hospital/register
INFO: [ app_init ] --START--
INFO: Run Behavior\BuildLiteBehavior [ RunTime:0.000052s ]
INFO: [ app_init ] --END-- [ RunTime:0.000691s ]

[ 2014-12-17T18:50:30+08:00 ] 127.0.0.1 /hospitalSystem/trunk/index.php/Home/index/verify
INFO: [ app_init ] --START--
INFO: Run Behavior\BuildLiteBehavior [ RunTime:0.000069s ]
INFO: [ app_init ] --END-- [ RunTime:0.000853s ]

[ 2014-12-17T18:51:17+08:00 ] 127.0.0.1 /hospitalSystem/trunk/index.php/Home/Hospital/register
INFO: [ app_init ] --START--
INFO: Run Behavior\BuildLiteBehavior [ RunTime:0.000055s ]
INFO: [ app_init ] --END-- [ RunTime:0.000758s ]

[ 2014-12-17T18:51:19+08:00 ] 127.0.0.1 /hospitalSystem/trunk/index.php/Home/index/verify
INFO: [ app_init ] --START--
INFO: Run Behavior\BuildLiteBehavior [ RunTime:0.000059s ]
INFO: [ app_init ] --END-- [ RunTime:0.000764s ]

[ 2014-12-17T18:52:03+08:00 ] 127.0.0.1 /hospitalSystem/trunk/index.php/Home/Hospital/register
INFO: [ app_init ] --START--
INFO: Run Behavior\BuildLiteBehavior [ RunTime:0.000042s ]
INFO: [ app_init ] --END-- [ RunTime:0.000581s ]

[ 2014-12-17T18:52:04+08:00 ] 127.0.0.1 /hospitalSystem/trunk/index.php/Home/index/verify
INFO: [ app_init ] --START--
INFO: Run Behavior\BuildLiteBehavior [ RunTime:0.000062s ]
INFO: [ app_init ] --END-- [ RunTime:0.000794s ]

[ 2014-12-17T18:52:18+08:00 ] 127.0.0.1 /hospitalSystem/trunk/index.php/Home/Hospital/register
INFO: [ app_init ] --START--
INFO: Run Behavior\BuildLiteBehavior [ RunTime:0.000084s ]
INFO: [ app_init ] --END-- [ RunTime:0.001239s ]

[ 2014-12-17T18:52:19+08:00 ] 127.0.0.1 /hospitalSystem/trunk/index.php/Home/index/verify
INFO: [ app_init ] --START--
INFO: Run Behavior\BuildLiteBehavior [ RunTime:0.000086s ]
INFO: [ app_init ] --END-- [ RunTime:0.001200s ]

[ 2014-12-17T18:52:20+08:00 ] 127.0.0.1 /hospitalSystem/trunk/index.php/Home/Hospital/register
INFO: [ app_init ] --START--
INFO: Run Behavior\BuildLiteBehavior [ RunTime:0.000054s ]
INFO: [ app_init ] --END-- [ RunTime:0.000781s ]

[ 2014-12-17T18:52:21+08:00 ] 127.0.0.1 /hospitalSystem/trunk/index.php/Home/index/verify
INFO: [ app_init ] --START--
INFO: Run Behavior\BuildLiteBehavior [ RunTime:0.000081s ]
INFO: [ app_init ] --END-- [ RunTime:0.001000s ]

[ 2014-12-17T18:52:23+08:00 ] 127.0.0.1 /hospitalSystem/trunk/index.php/Home/Hospital/register
INFO: [ app_init ] --START--
INFO: Run Behavior\BuildLiteBehavior [ RunTime:0.000105s ]
INFO: [ app_init ] --END-- [ RunTime:0.001348s ]

[ 2014-12-17T18:52:24+08:00 ] 127.0.0.1 /hospitalSystem/trunk/index.php/Home/index/verify
INFO: [ app_init ] --START--
INFO: Run Behavior\BuildLiteBehavior [ RunTime:0.000038s ]
INFO: [ app_init ] --END-- [ RunTime:0.000489s ]

[ 2014-12-17T18:57:02+08:00 ] 127.0.0.1 /hospitalSystem/trunk/index.php/Home/Hospital/register
INFO: [ app_init ] --START--
INFO: Run Behavior\BuildLiteBehavior [ RunTime:0.000038s ]
INFO: [ app_init ] --END-- [ RunTime:0.000549s ]

[ 2014-12-17T18:57:03+08:00 ] 127.0.0.1 /hospitalSystem/trunk/index.php/Home/index/verify
INFO: [ app_init ] --START--
INFO: Run Behavior\BuildLiteBehavior [ RunTime:0.000043s ]
INFO: [ app_init ] --END-- [ RunTime:0.000640s ]

[ 2014-12-17T18:57:41+08:00 ] 127.0.0.1 /hospitalSystem/trunk/index.php/Home/Hospital/register
INFO: [ app_init ] --START--
INFO: Run Behavior\BuildLiteBehavior [ RunTime:0.000085s ]
INFO: [ app_init ] --END-- [ RunTime:0.001218s ]

[ 2014-12-17T18:57:43+08:00 ] 127.0.0.1 /hospitalSystem/trunk/index.php/Home/index/verify
INFO: [ app_init ] --START--
INFO: Run Behavior\BuildLiteBehavior [ RunTime:0.000039s ]
INFO: [ app_init ] --END-- [ RunTime:0.000604s ]

[ 2014-12-17T18:57:55+08:00 ] 127.0.0.1 /hospitalSystem/trunk/index.php/Home/Hospital/register
INFO: [ app_init ] --START--
INFO: Run Behavior\BuildLiteBehavior [ RunTime:0.000143s ]
INFO: [ app_init ] --END-- [ RunTime:0.002264s ]

[ 2014-12-17T18:57:56+08:00 ] 127.0.0.1 /hospitalSystem/trunk/index.php/Home/index/verify
INFO: [ app_init ] --START--
INFO: Run Behavior\BuildLiteBehavior [ RunTime:0.000037s ]
INFO: [ app_init ] --END-- [ RunTime:0.000503s ]

[ 2014-12-17T18:59:03+08:00 ] 127.0.0.1 /hospitalSystem/trunk/index.php/Home/Hospital/register
INFO: [ app_init ] --START--
INFO: Run Behavior\BuildLiteBehavior [ RunTime:0.000037s ]
INFO: [ app_init ] --END-- [ RunTime:0.000507s ]

[ 2014-12-17T18:59:04+08:00 ] 127.0.0.1 /hospitalSystem/trunk/index.php/Home/index/verify
INFO: [ app_init ] --START--
INFO: Run Behavior\BuildLiteBehavior [ RunTime:0.000037s ]
INFO: [ app_init ] --END-- [ RunTime:0.000594s ]

[ 2014-12-17T19:01:11+08:00 ] 127.0.0.1 /hospitalSystem/trunk/index.php/Home/Hospital/register
INFO: [ app_init ] --START--
INFO: Run Behavior\BuildLiteBehavior [ RunTime:0.000050s ]
INFO: [ app_init ] --END-- [ RunTime:0.000730s ]

[ 2014-12-17T19:01:13+08:00 ] 127.0.0.1 /hospitalSystem/trunk/index.php/Home/index/verify
INFO: [ app_init ] --START--
INFO: Run Behavior\BuildLiteBehavior [ RunTime:0.000040s ]
INFO: [ app_init ] --END-- [ RunTime:0.000602s ]

[ 2014-12-17T19:01:32+08:00 ] 127.0.0.1 /hospitalSystem/trunk/index.php/Home/Hospital/register
INFO: [ app_init ] --START--
INFO: Run Behavior\BuildLiteBehavior [ RunTime:0.000053s ]
INFO: [ app_init ] --END-- [ RunTime:0.000766s ]

[ 2014-12-17T19:01:33+08:00 ] 127.0.0.1 /hospitalSystem/trunk/index.php/Home/index/verify
INFO: [ app_init ] --START--
INFO: Run Behavior\BuildLiteBehavior [ RunTime:0.000053s ]
INFO: [ app_init ] --END-- [ RunTime:0.000490s ]

[ 2014-12-17T19:02:19+08:00 ] 127.0.0.1 /hospitalSystem/trunk/index.php/Home/Hospital/register
INFO: [ app_init ] --START--
INFO: Run Behavior\BuildLiteBehavior [ RunTime:0.000042s ]
INFO: [ app_init ] --END-- [ RunTime:0.000608s ]

[ 2014-12-17T19:02:21+08:00 ] 127.0.0.1 /hospitalSystem/trunk/index.php/Home/index/verify
INFO: [ app_init ] --START--
INFO: Run Behavior\BuildLiteBehavior [ RunTime:0.000054s ]
INFO: [ app_init ] --END-- [ RunTime:0.000765s ]

[ 2014-12-17T19:02:43+08:00 ] 127.0.0.1 /hospitalSystem/trunk/index.php/Home/Hospital/register
INFO: [ app_init ] --START--
INFO: Run Behavior\BuildLiteBehavior [ RunTime:0.000158s ]
INFO: [ app_init ] --END-- [ RunTime:0.002086s ]

[ 2014-12-17T19:02:44+08:00 ] 127.0.0.1 /hospitalSystem/trunk/index.php/Home/index/verify
INFO: [ app_init ] --START--
INFO: Run Behavior\BuildLiteBehavior [ RunTime:0.000061s ]
INFO: [ app_init ] --END-- [ RunTime:0.000553s ]

[ 2014-12-17T19:04:24+08:00 ] 127.0.0.1 /hospitalSystem/trunk/index.php/Home/Hospital/register
INFO: [ app_init ] --START--
INFO: Run Behavior\BuildLiteBehavior [ RunTime:0.000189s ]
INFO: [ app_init ] --END-- [ RunTime:0.001220s ]

[ 2014-12-17T19:04:26+08:00 ] 127.0.0.1 /hospitalSystem/trunk/index.php/Home/index/verify
INFO: [ app_init ] --START--
INFO: Run Behavior\BuildLiteBehavior [ RunTime:0.000036s ]
INFO: [ app_init ] --END-- [ RunTime:0.000524s ]

[ 2014-12-17T19:08:42+08:00 ] 127.0.0.1 /hospitalSystem/trunk/index.php/Home/Hospital/register
INFO: [ app_init ] --START--
INFO: Run Behavior\BuildLiteBehavior [ RunTime:0.000058s ]
INFO: [ app_init ] --END-- [ RunTime:0.000868s ]

[ 2014-12-17T19:08:44+08:00 ] 127.0.0.1 /hospitalSystem/trunk/index.php/Home/index/verify
INFO: [ app_init ] --START--
INFO: Run Behavior\BuildLiteBehavior [ RunTime:0.000041s ]
INFO: [ app_init ] --END-- [ RunTime:0.000690s ]

[ 2014-12-17T19:10:44+08:00 ] 127.0.0.1 /hospitalSystem/trunk/index.php/Home/Hospital/register
INFO: [ app_init ] --START--
INFO: Run Behavior\BuildLiteBehavior [ RunTime:0.000045s ]
INFO: [ app_init ] --END-- [ RunTime:0.000629s ]

[ 2014-12-17T19:10:45+08:00 ] 127.0.0.1 /hospitalSystem/trunk/index.php/Home/index/verify
INFO: [ app_init ] --START--
INFO: Run Behavior\BuildLiteBehavior [ RunTime:0.000057s ]
INFO: [ app_init ] --END-- [ RunTime:0.000557s ]

[ 2014-12-17T19:10:55+08:00 ] 127.0.0.1 /hospitalSystem/trunk/index.php/Home/index/verify?0.09764206479303539
INFO: [ app_init ] --START--
INFO: Run Behavior\BuildLiteBehavior [ RunTime:0.000088s ]
INFO: [ app_init ] --END-- [ RunTime:0.001342s ]

[ 2014-12-17T19:11:11+08:00 ] 127.0.0.1 /hospitalSystem/trunk/index.php/Home/Hospital/register
INFO: [ app_init ] --START--
INFO: Run Behavior\BuildLiteBehavior [ RunTime:0.000054s ]
INFO: [ app_init ] --END-- [ RunTime:0.000751s ]

[ 2014-12-17T19:11:12+08:00 ] 127.0.0.1 /hospitalSystem/trunk/index.php/Home/index/verify
INFO: [ app_init ] --START--
INFO: Run Behavior\BuildLiteBehavior [ RunTime:0.000036s ]
INFO: [ app_init ] --END-- [ RunTime:0.000500s ]

[ 2014-12-17T19:11:16+08:00 ] 127.0.0.1 /hospitalSystem/trunk/index.php/Home/index/verify?0.9381742768455297
INFO: [ app_init ] --START--
INFO: Run Behavior\BuildLiteBehavior [ RunTime:0.000059s ]
INFO: [ app_init ] --END-- [ RunTime:0.000942s ]

[ 2014-12-17T19:11:18+08:00 ] 127.0.0.1 /hospitalSystem/trunk/index.php/Home/index/verify?0.3975130571052432
INFO: [ app_init ] --START--
INFO: Run Behavior\BuildLiteBehavior [ RunTime:0.000076s ]
INFO: [ app_init ] --END-- [ RunTime:0.001011s ]

[ 2014-12-17T19:11:22+08:00 ] 127.0.0.1 /hospitalSystem/trunk/index.php/Home/index/verify?0.9017716436646879
INFO: [ app_init ] --START--
INFO: Run Behavior\BuildLiteBehavior [ RunTime:0.000047s ]
INFO: [ app_init ] --END-- [ RunTime:0.000655s ]

[ 2014-12-17T19:11:25+08:00 ] 127.0.0.1 /hospitalSystem/trunk/index.php/Home/index/verify?0.04287392599508166
INFO: [ app_init ] --START--
INFO: Run Behavior\BuildLiteBehavior [ RunTime:0.000038s ]
INFO: [ app_init ] --END-- [ RunTime:0.000703s ]

[ 2014-12-17T19:11:27+08:00 ] 127.0.0.1 /hospitalSystem/trunk/index.php/Home/index/verify?0.4676460288465023
INFO: [ app_init ] --START--
INFO: Run Behavior\BuildLiteBehavior [ RunTime:0.000084s ]
INFO: [ app_init ] --END-- [ RunTime:0.001222s ]

[ 2014-12-17T19:11:35+08:00 ] 127.0.0.1 /hospitalSystem/trunk/index.php/Home/index/verify?0.12656720797531307
INFO: [ app_init ] --START--
INFO: Run Behavior\BuildLiteBehavior [ RunTime:0.000088s ]
INFO: [ app_init ] --END-- [ RunTime:0.001401s ]

[ 2014-12-17T19:11:38+08:00 ] 127.0.0.1 /hospitalSystem/trunk/index.php/Home/index/verify?0.6954261953942478
INFO: [ app_init ] --START--
INFO: Run Behavior\BuildLiteBehavior [ RunTime:0.000043s ]
INFO: [ app_init ] --END-- [ RunTime:0.000582s ]

[ 2014-12-17T19:11:40+08:00 ] 127.0.0.1 /hospitalSystem/trunk/index.php/Home/index/verify?0.43236762285232544
INFO: [ app_init ] --START--
INFO: Run Behavior\BuildLiteBehavior [ RunTime:0.000036s ]
INFO: [ app_init ] --END-- [ RunTime:0.000503s ]

[ 2014-12-17T19:13:31+08:00 ] 127.0.0.1 /hospitalSystem/trunk/index.php/Home/Hospital/register
INFO: [ app_init ] --START--
INFO: Run Behavior\BuildLiteBehavior [ RunTime:0.000107s ]
INFO: [ app_init ] --END-- [ RunTime:0.001237s ]

[ 2014-12-17T19:13:32+08:00 ] 127.0.0.1 /hospitalSystem/trunk/index.php/Home/index/verify
INFO: [ app_init ] --START--
INFO: Run Behavior\BuildLiteBehavior [ RunTime:0.000035s ]
INFO: [ app_init ] --END-- [ RunTime:0.000496s ]

[ 2014-12-17T19:14:33+08:00 ] 127.0.0.1 /hospitalSystem/trunk/index.php/Home/Hospital/register
INFO: [ app_init ] --START--
INFO: Run Behavior\BuildLiteBehavior [ RunTime:0.000100s ]
INFO: [ app_init ] --END-- [ RunTime:0.001618s ]

[ 2014-12-17T19:14:34+08:00 ] 127.0.0.1 /hospitalSystem/trunk/index.php/Home/index/verify
INFO: [ app_init ] --START--
INFO: Run Behavior\BuildLiteBehavior [ RunTime:0.000097s ]
INFO: [ app_init ] --END-- [ RunTime:0.000663s ]

[ 2014-12-17T19:14:37+08:00 ] 127.0.0.1 /hospitalSystem/trunk/index.php/Home/index/verify?0.07243898045271635
INFO: [ app_init ] --START--
INFO: Run Behavior\BuildLiteBehavior [ RunTime:0.000085s ]
INFO: [ app_init ] --END-- [ RunTime:0.001231s ]

[ 2014-12-17T19:14:39+08:00 ] 127.0.0.1 /hospitalSystem/trunk/index.php/Home/index/verify?0.6437195036560297
INFO: [ app_init ] --START--
INFO: Run Behavior\BuildLiteBehavior [ RunTime:0.000045s ]
INFO: [ app_init ] --END-- [ RunTime:0.000705s ]

[ 2014-12-17T19:14:42+08:00 ] 127.0.0.1 /hospitalSystem/trunk/index.php/Home/index/verify?0.4832435571588576
INFO: [ app_init ] --START--
INFO: Run Behavior\BuildLiteBehavior [ RunTime:0.000057s ]
INFO: [ app_init ] --END-- [ RunTime:0.000821s ]

[ 2014-12-17T19:14:45+08:00 ] 127.0.0.1 /hospitalSystem/trunk/index.php/Home/index/verify?0.25206454563885927
INFO: [ app_init ] --START--
INFO: Run Behavior\BuildLiteBehavior [ RunTime:0.000096s ]
INFO: [ app_init ] --END-- [ RunTime:0.001249s ]

[ 2014-12-17T19:14:47+08:00 ] 127.0.0.1 /hospitalSystem/trunk/index.php/Home/index/verify?0.02596200513653457
INFO: [ app_init ] --START--
INFO: Run Behavior\BuildLiteBehavior [ RunTime:0.000110s ]
INFO: [ app_init ] --END-- [ RunTime:0.001222s ]

[ 2014-12-17T19:15:19+08:00 ] 127.0.0.1 /hospitalSystem/trunk/index.php/Home/index/verify?0.3496579681523144
INFO: [ app_init ] --START--
INFO: Run Behavior\BuildLiteBehavior [ RunTime:0.000085s ]
INFO: [ app_init ] --END-- [ RunTime:0.001250s ]

[ 2014-12-17T19:15:23+08:00 ] 127.0.0.1 /hospitalSystem/trunk/index.php/Home/index/verify?0.2558251901064068
INFO: [ app_init ] --START--
INFO: Run Behavior\BuildLiteBehavior [ RunTime:0.000047s ]
INFO: [ app_init ] --END-- [ RunTime:0.000669s ]

[ 2014-12-17T19:15:30+08:00 ] 127.0.0.1 /hospitalSystem/trunk/index.php/Home/index/verify?0.5793904236052185
INFO: [ app_init ] --START--
INFO: Run Behavior\BuildLiteBehavior [ RunTime:0.000055s ]
INFO: [ app_init ] --END-- [ RunTime:0.000764s ]

[ 2014-12-17T19:15:44+08:00 ] 127.0.0.1 /hospitalSystem/trunk/index.php/Home/Hospital/register
INFO: [ app_init ] --START--
INFO: Run Behavior\BuildLiteBehavior [ RunTime:0.000044s ]
INFO: [ app_init ] --END-- [ RunTime:0.000619s ]

[ 2014-12-17T19:15:45+08:00 ] 127.0.0.1 /hospitalSystem/trunk/index.php/Home/index/verify
INFO: [ app_init ] --START--
INFO: Run Behavior\BuildLiteBehavior [ RunTime:0.000062s ]
INFO: [ app_init ] --END-- [ RunTime:0.000776s ]

[ 2014-12-17T19:16:04+08:00 ] 127.0.0.1 /hospitalSystem/trunk/index.php/Home/index/verify?0.22583785303868353
INFO: [ app_init ] --START--
INFO: Run Behavior\BuildLiteBehavior [ RunTime:0.000086s ]
INFO: [ app_init ] --END-- [ RunTime:0.001205s ]

[ 2014-12-17T19:17:11+08:00 ] 127.0.0.1 /hospitalSystem/trunk/index.php/Home/Index/verify
INFO: [ app_init ] --START--
INFO: Run Behavior\BuildLiteBehavior [ RunTime:0.000037s ]
INFO: [ app_init ] --END-- [ RunTime:0.000615s ]

[ 2014-12-17T19:17:16+08:00 ] 127.0.0.1 /hospitalSystem/trunk/index.php/Home/Index/verify
INFO: [ app_init ] --START--
INFO: Run Behavior\BuildLiteBehavior [ RunTime:0.000069s ]
INFO: [ app_init ] --END-- [ RunTime:0.000745s ]

[ 2014-12-17T19:17:19+08:00 ] 127.0.0.1 /hospitalSystem/trunk/index.php/Home/Index/verify
INFO: [ app_init ] --START--
INFO: Run Behavior\BuildLiteBehavior [ RunTime:0.000071s ]
INFO: [ app_init ] --END-- [ RunTime:0.000742s ]

[ 2014-12-17T19:17:25+08:00 ] 127.0.0.1 /hospitalSystem/trunk/index.php/Home/index/verify
INFO: [ app_init ] --START--
INFO: Run Behavior\BuildLiteBehavior [ RunTime:0.000038s ]
INFO: [ app_init ] --END-- [ RunTime:0.000516s ]

[ 2014-12-17T19:17:33+08:00 ] 127.0.0.1 /hospitalSystem/trunk/index.php/Home/index/verify?0.5186605164781213
INFO: [ app_init ] --START--
INFO: Run Behavior\BuildLiteBehavior [ RunTime:0.000093s ]
INFO: [ app_init ] --END-- [ RunTime:0.001071s ]

[ 2014-12-17T19:19:06+08:00 ] 127.0.0.1 /hospitalSystem/trunk/index.php/Home/Hospital/register?q=user/vifycode
INFO: [ app_init ] --START--
INFO: Run Behavior\BuildLiteBehavior [ RunTime:0.000084s ]
INFO: [ app_init ] --END-- [ RunTime:0.001231s ]
INFO: [ app_begin ] --START--
INFO: Run Behavior\ReadHtmlCacheBehavior [ RunTime:0.001900s ]
INFO: [ app_begin ] --END-- [ RunTime:0.002393s ]
INFO: [ view_parse ] --START--
INFO: [ template_filter ] --START--
INFO: Run Behavior\ContentReplaceBehavior [ RunTime:0.000180s ]
INFO: [ template_filter ] --END-- [ RunTime:0.000440s ]
INFO: Run Behavior\ParseTemplateBehavior [ RunTime:0.016570s ]
INFO: [ view_parse ] --END-- [ RunTime:0.016871s ]
INFO: [ view_filter ] --START--
INFO: Run Behavior\WriteHtmlCacheBehavior [ RunTime:0.000719s ]
INFO: [ view_filter ] --END-- [ RunTime:0.000912s ]
INFO: [ app_end ] --START--
INFO: Run Behavior\ShowPageTraceBehavior [ RunTime:0.001027s ]
INFO: [ app_end ] --END-- [ RunTime:0.001243s ]

[ 2014-12-17T19:19:18+08:00 ] 127.0.0.1 /hospitalSystem/trunk/index.php/Home/index/verify?0.2868446430657059
INFO: [ app_init ] --START--
INFO: Run Behavior\BuildLiteBehavior [ RunTime:0.000086s ]
INFO: [ app_init ] --END-- [ RunTime:0.001200s ]

[ 2014-12-17T19:19:22+08:00 ] 127.0.0.1 /hospitalSystem/trunk/index.php/Home/Hospital/register?q=user/vifycode
INFO: [ app_init ] --START--
INFO: Run Behavior\BuildLiteBehavior [ RunTime:0.000085s ]
INFO: [ app_init ] --END-- [ RunTime:0.001227s ]
INFO: [ app_begin ] --START--
INFO: Run Behavior\ReadHtmlCacheBehavior [ RunTime:0.000935s ]
INFO: [ app_begin ] --END-- [ RunTime:0.001191s ]
INFO: [ view_parse ] --START--
INFO: [ template_filter ] --START--
INFO: Run Behavior\ContentReplaceBehavior [ RunTime:0.000117s ]
INFO: [ template_filter ] --END-- [ RunTime:0.000259s ]
INFO: Run Behavior\ParseTemplateBehavior [ RunTime:0.010529s ]
INFO: [ view_parse ] --END-- [ RunTime:0.010725s ]
INFO: [ view_filter ] --START--
INFO: Run Behavior\WriteHtmlCacheBehavior [ RunTime:0.000491s ]
INFO: [ view_filter ] --END-- [ RunTime:0.000635s ]
INFO: [ app_end ] --START--
INFO: Run Behavior\ShowPageTraceBehavior [ RunTime:0.000682s ]
INFO: [ app_end ] --END-- [ RunTime:0.000842s ]

[ 2014-12-17T19:19:47+08:00 ] 127.0.0.1 /hospitalSystem/trunk/index.php/Home/Hospital/register?q=user/vifycode
INFO: [ app_init ] --START--
INFO: Run Behavior\BuildLiteBehavior [ RunTime:0.000085s ]
INFO: [ app_init ] --END-- [ RunTime:0.001195s ]
INFO: [ app_begin ] --START--
INFO: Run Behavior\ReadHtmlCacheBehavior [ RunTime:0.002061s ]
INFO: [ app_begin ] --END-- [ RunTime:0.002489s ]
INFO: [ view_parse ] --START--
INFO: [ template_filter ] --START--
INFO: Run Behavior\ContentReplaceBehavior [ RunTime:0.000209s ]
INFO: [ template_filter ] --END-- [ RunTime:0.000469s ]
INFO: Run Behavior\ParseTemplateBehavior [ RunTime:0.015748s ]
INFO: [ view_parse ] --END-- [ RunTime:0.016028s ]
INFO: [ view_filter ] --START--
INFO: Run Behavior\WriteHtmlCacheBehavior [ RunTime:0.000733s ]
INFO: [ view_filter ] --END-- [ RunTime:0.000945s ]
INFO: [ app_end ] --START--
INFO: Run Behavior\ShowPageTraceBehavior [ RunTime:0.001128s ]
INFO: [ app_end ] --END-- [ RunTime:0.001326s ]

[ 2014-12-17T19:22:13+08:00 ] 127.0.0.1 /hospitalSystem/trunk/index.php/Home/Hospital/register
INFO: [ app_init ] --START--
INFO: Run Behavior\BuildLiteBehavior [ RunTime:0.000046s ]
INFO: [ app_init ] --END-- [ RunTime:0.000688s ]

[ 2014-12-17T19:22:15+08:00 ] 127.0.0.1 /hospitalSystem/trunk/index.php/Home/index/verify
INFO: [ app_init ] --START--
INFO: Run Behavior\BuildLiteBehavior [ RunTime:0.000034s ]
INFO: [ app_init ] --END-- [ RunTime:0.000542s ]

[ 2014-12-17T19:22:37+08:00 ] 127.0.0.1 /hospitalSystem/trunk/index.php/Home/Hospital/register?q=user/vifycode
INFO: [ app_init ] --START--
INFO: Run Behavior\BuildLiteBehavior [ RunTime:0.000043s ]
INFO: [ app_init ] --END-- [ RunTime:0.000612s ]
INFO: [ app_begin ] --START--
INFO: Run Behavior\ReadHtmlCacheBehavior [ RunTime:0.000883s ]
INFO: [ app_begin ] --END-- [ RunTime:0.001116s ]
INFO: [ view_parse ] --START--
INFO: [ template_filter ] --START--
INFO: Run Behavior\ContentReplaceBehavior [ RunTime:0.000134s ]
INFO: [ template_filter ] --END-- [ RunTime:0.000289s ]
INFO: Run Behavior\ParseTemplateBehavior [ RunTime:0.010996s ]
INFO: [ view_parse ] --END-- [ RunTime:0.011184s ]
INFO: [ view_filter ] --START--
INFO: Run Behavior\WriteHtmlCacheBehavior [ RunTime:0.000504s ]
INFO: [ view_filter ] --END-- [ RunTime:0.000639s ]
INFO: [ app_end ] --START--
INFO: Run Behavior\ShowPageTraceBehavior [ RunTime:0.000741s ]
INFO: [ app_end ] --END-- [ RunTime:0.000895s ]

[ 2014-12-17T19:22:51+08:00 ] 127.0.0.1 /hospitalSystem/trunk/index.php/Home/Hospital/register?q=user/checkaccount
INFO: [ app_init ] --START--
INFO: Run Behavior\BuildLiteBehavior [ RunTime:0.000041s ]
INFO: [ app_init ] --END-- [ RunTime:0.000579s ]
INFO: [ app_begin ] --START--
INFO: Run Behavior\ReadHtmlCacheBehavior [ RunTime:0.000789s ]
INFO: [ app_begin ] --END-- [ RunTime:0.000957s ]
INFO: [ view_parse ] --START--
INFO: [ template_filter ] --START--
INFO: Run Behavior\ContentReplaceBehavior [ RunTime:0.000152s ]
INFO: [ template_filter ] --END-- [ RunTime:0.000327s ]
INFO: Run Behavior\ParseTemplateBehavior [ RunTime:0.011814s ]
INFO: [ view_parse ] --END-- [ RunTime:0.012014s ]
INFO: [ view_filter ] --START--
INFO: Run Behavior\WriteHtmlCacheBehavior [ RunTime:0.000568s ]
INFO: [ view_filter ] --END-- [ RunTime:0.000722s ]
INFO: [ app_end ] --START--
INFO: Run Behavior\ShowPageTraceBehavior [ RunTime:0.001119s ]
INFO: [ app_end ] --END-- [ RunTime:0.001326s ]

[ 2014-12-17T19:22:54+08:00 ] 127.0.0.1 /hospitalSystem/trunk/index.php/Home/Hospital/register?q=user/checkaccount
INFO: [ app_init ] --START--
INFO: Run Behavior\BuildLiteBehavior [ RunTime:0.000093s ]
INFO: [ app_init ] --END-- [ RunTime:0.001197s ]
INFO: [ app_begin ] --START--
INFO: Run Behavior\ReadHtmlCacheBehavior [ RunTime:0.001205s ]
INFO: [ app_begin ] --END-- [ RunTime:0.001466s ]
INFO: [ view_parse ] --START--
INFO: [ template_filter ] --START--
INFO: Run Behavior\ContentReplaceBehavior [ RunTime:0.000219s ]
INFO: [ template_filter ] --END-- [ RunTime:0.000462s ]
INFO: Run Behavior\ParseTemplateBehavior [ RunTime:0.016278s ]
INFO: [ view_parse ] --END-- [ RunTime:0.016614s ]
INFO: [ view_filter ] --START--
INFO: Run Behavior\WriteHtmlCacheBehavior [ RunTime:0.001172s ]
INFO: [ view_filter ] --END-- [ RunTime:0.001543s ]
INFO: [ app_end ] --START--
INFO: Run Behavior\ShowPageTraceBehavior [ RunTime:0.001295s ]
INFO: [ app_end ] --END-- [ RunTime:0.001524s ]

[ 2014-12-17T19:22:57+08:00 ] 127.0.0.1 /hospitalSystem/trunk/index.php/Home/Hospital/register?q=user/checkaccount
INFO: [ app_init ] --START--
INFO: Run Behavior\BuildLiteBehavior [ RunTime:0.000105s ]
INFO: [ app_init ] --END-- [ RunTime:0.001199s ]
INFO: [ app_begin ] --START--
INFO: Run Behavior\ReadHtmlCacheBehavior [ RunTime:0.001838s ]
INFO: [ app_begin ] --END-- [ RunTime:0.002203s ]
INFO: [ view_parse ] --START--
INFO: [ template_filter ] --START--
INFO: Run Behavior\ContentReplaceBehavior [ RunTime:0.000179s ]
INFO: [ template_filter ] --END-- [ RunTime:0.000441s ]
INFO: Run Behavior\ParseTemplateBehavior [ RunTime:0.014493s ]
INFO: [ view_parse ] --END-- [ RunTime:0.014776s ]
INFO: [ view_filter ] --START--
INFO: Run Behavior\WriteHtmlCacheBehavior [ RunTime:0.000697s ]
INFO: [ view_filter ] --END-- [ RunTime:0.000903s ]
INFO: [ app_end ] --START--
INFO: Run Behavior\ShowPageTraceBehavior [ RunTime:0.001068s ]
INFO: [ app_end ] --END-- [ RunTime:0.001268s ]

[ 2014-12-17T19:23:00+08:00 ] 127.0.0.1 /hospitalSystem/trunk/index.php/Home/Hospital/register?q=user/checkaccount
INFO: [ app_init ] --START--
INFO: Run Behavior\BuildLiteBehavior [ RunTime:0.000043s ]
INFO: [ app_init ] --END-- [ RunTime:0.000592s ]
INFO: [ app_begin ] --START--
INFO: Run Behavior\ReadHtmlCacheBehavior [ RunTime:0.000817s ]
INFO: [ app_begin ] --END-- [ RunTime:0.000990s ]
INFO: [ view_parse ] --START--
INFO: [ template_filter ] --START--
INFO: Run Behavior\ContentReplaceBehavior [ RunTime:0.000148s ]
INFO: [ template_filter ] --END-- [ RunTime:0.000347s ]
INFO: Run Behavior\ParseTemplateBehavior [ RunTime:0.012297s ]
INFO: [ view_parse ] --END-- [ RunTime:0.012497s ]
INFO: [ view_filter ] --START--
INFO: Run Behavior\WriteHtmlCacheBehavior [ RunTime:0.000585s ]
INFO: [ view_filter ] --END-- [ RunTime:0.000749s ]
INFO: [ app_end ] --START--
INFO: Run Behavior\ShowPageTraceBehavior [ RunTime:0.000890s ]
INFO: [ app_end ] --END-- [ RunTime:0.001059s ]

[ 2014-12-17T19:23:03+08:00 ] 127.0.0.1 /hospitalSystem/trunk/index.php/Home/Hospital/register?q=user/checkaccount
INFO: [ app_init ] --START--
INFO: Run Behavior\BuildLiteBehavior [ RunTime:0.000085s ]
INFO: [ app_init ] --END-- [ RunTime:0.001263s ]
INFO: [ app_begin ] --START--
INFO: Run Behavior\ReadHtmlCacheBehavior [ RunTime:0.001711s ]
INFO: [ app_begin ] --END-- [ RunTime:0.002057s ]
INFO: [ view_parse ] --START--
INFO: [ template_filter ] --START--
INFO: Run Behavior\ContentReplaceBehavior [ RunTime:0.000127s ]
INFO: [ template_filter ] --END-- [ RunTime:0.000285s ]
INFO: Run Behavior\ParseTemplateBehavior [ RunTime:0.010862s ]
INFO: [ view_parse ] --END-- [ RunTime:0.011020s ]
INFO: [ view_filter ] --START--
INFO: Run Behavior\WriteHtmlCacheBehavior [ RunTime:0.000518s ]
INFO: [ view_filter ] --END-- [ RunTime:0.000648s ]
INFO: [ app_end ] --START--
INFO: Run Behavior\ShowPageTraceBehavior [ RunTime:0.000705s ]
INFO: [ app_end ] --END-- [ RunTime:0.000843s ]

[ 2014-12-17T19:23:07+08:00 ] 127.0.0.1 /hospitalSystem/trunk/index.php/Home/Hospital/register?q=user/checkaccount
INFO: [ app_init ] --START--
INFO: Run Behavior\BuildLiteBehavior [ RunTime:0.000067s ]
INFO: [ app_init ] --END-- [ RunTime:0.000613s ]
INFO: [ app_begin ] --START--
INFO: Run Behavior\ReadHtmlCacheBehavior [ RunTime:0.001019s ]
INFO: [ app_begin ] --END-- [ RunTime:0.001237s ]
INFO: [ view_parse ] --START--
INFO: [ template_filter ] --START--
INFO: Run Behavior\ContentReplaceBehavior [ RunTime:0.000149s ]
INFO: [ template_filter ] --END-- [ RunTime:0.000342s ]
INFO: Run Behavior\ParseTemplateBehavior [ RunTime:0.011517s ]
INFO: [ view_parse ] --END-- [ RunTime:0.011711s ]
INFO: [ view_filter ] --START--
INFO: Run Behavior\WriteHtmlCacheBehavior [ RunTime:0.000587s ]
INFO: [ view_filter ] --END-- [ RunTime:0.000748s ]
INFO: [ app_end ] --START--
INFO: Run Behavior\ShowPageTraceBehavior [ RunTime:0.000841s ]
INFO: [ app_end ] --END-- [ RunTime:0.001007s ]

[ 2014-12-17T19:23:10+08:00 ] 127.0.0.1 /hospitalSystem/trunk/index.php/Home/Hospital/register?q=user/checkaccount
INFO: [ app_init ] --START--
INFO: Run Behavior\BuildLiteBehavior [ RunTime:0.000084s ]
INFO: [ app_init ] --END-- [ RunTime:0.001245s ]
INFO: [ app_begin ] --START--
INFO: Run Behavior\ReadHtmlCacheBehavior [ RunTime:0.001873s ]
INFO: [ app_begin ] --END-- [ RunTime:0.002237s ]
INFO: [ view_parse ] --START--
INFO: [ template_filter ] --START--
INFO: Run Behavior\ContentReplaceBehavior [ RunTime:0.000182s ]
INFO: [ template_filter ] --END-- [ RunTime:0.000377s ]
INFO: Run Behavior\ParseTemplateBehavior [ RunTime:0.013667s ]
INFO: [ view_parse ] --END-- [ RunTime:0.013941s ]
INFO: [ view_filter ] --START--
INFO: Run Behavior\WriteHtmlCacheBehavior [ RunTime:0.000650s ]
INFO: [ view_filter ] --END-- [ RunTime:0.000834s ]
INFO: [ app_end ] --START--
INFO: Run Behavior\ShowPageTraceBehavior [ RunTime:0.000930s ]
INFO: [ app_end ] --END-- [ RunTime:0.001112s ]

[ 2014-12-17T19:23:17+08:00 ] 127.0.0.1 /hospitalSystem/trunk/index.php/Home/Hospital/register?q=user/vifycode
INFO: [ app_init ] --START--
INFO: Run Behavior\BuildLiteBehavior [ RunTime:0.000068s ]
INFO: [ app_init ] --END-- [ RunTime:0.000821s ]
INFO: [ app_begin ] --START--
INFO: Run Behavior\ReadHtmlCacheBehavior [ RunTime:0.001119s ]
INFO: [ app_begin ] --END-- [ RunTime:0.001412s ]
INFO: [ view_parse ] --START--
INFO: [ template_filter ] --START--
INFO: Run Behavior\ContentReplaceBehavior [ RunTime:0.000208s ]
INFO: [ template_filter ] --END-- [ RunTime:0.000468s ]
INFO: Run Behavior\ParseTemplateBehavior [ RunTime:0.011857s ]
INFO: [ view_parse ] --END-- [ RunTime:0.012066s ]
INFO: [ view_filter ] --START--
INFO: Run Behavior\WriteHtmlCacheBehavior [ RunTime:0.000570s ]
INFO: [ view_filter ] --END-- [ RunTime:0.000746s ]
INFO: [ app_end ] --START--
INFO: Run Behavior\ShowPageTraceBehavior [ RunTime:0.000967s ]
INFO: [ app_end ] --END-- [ RunTime:0.001203s ]

[ 2014-12-17T19:24:02+08:00 ] 127.0.0.1 /hospitalSystem/trunk/index.php/Home/Hospital/register?q=user/vifycode
INFO: [ app_init ] --START--
INFO: Run Behavior\BuildLiteBehavior [ RunTime:0.000043s ]
INFO: [ app_init ] --END-- [ RunTime:0.000682s ]
INFO: [ app_begin ] --START--
INFO: Run Behavior\ReadHtmlCacheBehavior [ RunTime:0.000875s ]
INFO: [ app_begin ] --END-- [ RunTime:0.001095s ]
INFO: [ view_parse ] --START--
INFO: [ template_filter ] --START--
INFO: Run Behavior\ContentReplaceBehavior [ RunTime:0.000204s ]
INFO: [ template_filter ] --END-- [ RunTime:0.000492s ]
INFO: Run Behavior\ParseTemplateBehavior [ RunTime:0.019044s ]
INFO: [ view_parse ] --END-- [ RunTime:0.019262s ]
INFO: [ view_filter ] --START--
INFO: Run Behavior\WriteHtmlCacheBehavior [ RunTime:0.000891s ]
INFO: [ view_filter ] --END-- [ RunTime:0.001178s ]
INFO: [ app_end ] --START--
INFO: Run Behavior\ShowPageTraceBehavior [ RunTime:0.002007s ]
INFO: [ app_end ] --END-- [ RunTime:0.002318s ]

[ 2014-12-17T19:24:04+08:00 ] 127.0.0.1 /hospitalSystem/trunk/index.php/Home/Hospital/register
INFO: [ app_init ] --START--
INFO: Run Behavior\BuildLiteBehavior [ RunTime:0.000143s ]
INFO: [ app_init ] --END-- [ RunTime:0.002172s ]

[ 2014-12-17T19:24:05+08:00 ] 127.0.0.1 /hospitalSystem/trunk/index.php/Home/index/verify
INFO: [ app_init ] --START--
INFO: Run Behavior\BuildLiteBehavior [ RunTime:0.000034s ]
INFO: [ app_init ] --END-- [ RunTime:0.000521s ]

[ 2014-12-17T19:24:34+08:00 ] 127.0.0.1 /hospitalSystem/trunk/index.php/Home/Hospital/register
INFO: [ app_init ] --START--
INFO: Run Behavior\BuildLiteBehavior [ RunTime:0.000058s ]
INFO: [ app_init ] --END-- [ RunTime:0.000848s ]

[ 2014-12-17T19:24:36+08:00 ] 127.0.0.1 /hospitalSystem/trunk/index.php/Home/index/verify
INFO: [ app_init ] --START--
INFO: Run Behavior\BuildLiteBehavior [ RunTime:0.000049s ]
INFO: [ app_init ] --END-- [ RunTime:0.000517s ]

[ 2014-12-17T19:25:09+08:00 ] 127.0.0.1 /hospitalSystem/trunk/index.php/Home/index/verify?0.9005543258972466
INFO: [ app_init ] --START--
INFO: Run Behavior\BuildLiteBehavior [ RunTime:0.000088s ]
INFO: [ app_init ] --END-- [ RunTime:0.001253s ]

